#
# A fatal error has been detected by the Java Runtime Environment:
#
#  SIGSEGV (0xb) at pc=0x00007fe8052b3733, pid=14442, tid=0x00007fe805b39700
#
# JRE version: Java(TM) SE Runtime Environment (8.0_101-b13) (build 1.8.0_101-b13)
# Java VM: Java HotSpot(TM) 64-Bit Server VM (25.101-b13 mixed mode linux-amd64 compressed oops)
# Problematic frame:
# C  [librxtxSerial.so+0x7733]  Java_gnu_io_RXTXPort_nativeDrain+0xc3
#
# Failed to write core dump. Core dumps have been disabled. To enable core dumping, try "ulimit -c unlimited" before starting Java again
#
# If you would like to submit a bug report, please visit:
#   http://bugreport.java.com/bugreport/crash.jsp
# The crash happened outside the Java Virtual Machine in native code.
# See problematic frame for where to report the bug.
#

---------------  T H R E A D  ---------------

Current thread (0x00007fe8603a7800):  JavaThread "AWT-EventQueue-0" [_thread_in_native, id=14463, stack(0x00007fe805a39000,0x00007fe805b3a000)]

siginfo: si_signo: 11 (SIGSEGV), si_code: 1 (SEGV_MAPERR), si_addr: 0x00000000052aa7dc

Registers:
RAX=0x000000000000001c, RBX=0x00007fe805b360d0, RCX=0x000000007fffffe4, RDX=0x00007fe8052b60cc
RSP=0x00007fe805b35f00, RBP=0x0000000000000000, RSI=0x0000000000000001, RDI=0x00007fe805b360d0
R8 =0x0000000000000000, R9 =0x000000000000001c, R10=0x0000000000000000, R11=0x0000000000000000
R12=0x000000000000000b, R13=0x00007fe8603a79f8, R14=0x00000000052aa7d0, R15=0x0000000000000000
RIP=0x00007fe8052b3733, EFLAGS=0x0000000000010202, CSGSFS=0x0000000000000033, ERR=0x0000000000000004
  TRAPNO=0x000000000000000e

Top of Stack: (sp=0x00007fe805b35f00)
0x00007fe805b35f00:   00007fe805b3611f 00007fe805b361d8
0x00007fe805b35f10:   00000003000ea5e0 00000001000ea5e0
0x00007fe805b35f20:   00007fe8054332f0 00007fe8603a7800
0x00007fe805b35f30:   00007fe8054332f0 00007fe8603a7800
0x00007fe805b35f40:   fffffffe00000000 0000000000000000
0x00007fe805b35f50:   0000000000000000 00007fe80542fcb8
0x00007fe805b35f60:   00007fe8054332f0 00007fe8603a7800
0x00007fe805b35f70:   00007fe8054332f0 00007fe8603a7800
0x00007fe805b35f80:   000000b605b36030 00007fe8603a7d70
0x00007fe805b35f90:   00007fe805b360d0 00007fe860393aa0
0x00007fe805b35fa0:   00007fe81c081b80 00007fe8603a7800
0x00007fe805b35fb0:   00007fe805b36040 00007fe866a8def6
0x00007fe805b35fc0:   00007fe805b361d0 00007fe805b3611f
0x00007fe805b35fd0:   00007fe867106a10 00007fe867c15eb0
0x00007fe805b35fe0:   0000000000000003 00000000000003d8
0x00007fe805b35ff0:   0000000000001428 00007fe800000009
0x00007fe805b36000:   00007fe8054332f0 00007fe8603a7800
0x00007fe805b36010:   00007fe805b36060 00007fe805b36080
0x00007fe805b36020:   00007fe805b360d0 00007fe805b3611f
0x00007fe805b36030:   00007fe8052b3670 00007fe805b36080
0x00007fe805b36040:   00007fe805b360b0 00007fe866a8e202
0x00007fe805b36050:   00007fe8600d27b0 000000000000000e
0x00007fe805b36060:   00007fe805b360b0 00007fe866a4ff6e
0x00007fe805b36070:   00007fe8054332f0 00007fe8603a7800
0x00007fe805b36080:   00007fe8054332f0 00007fe805b360c0
0x00007fe805b36090:   00007fe8603a7800 00007fe805b360e0
0x00007fe805b360a0:   00007fe805b360c0 00007fe8603a7800
0x00007fe805b360b0:   00007fe805b36140 00007fe866831e0f
0x00007fe805b360c0:   00007fe8054332f0 00007fe8603a7800
0x00007fe805b360d0:   74726f5058545852 29286e696172643a
0x00007fe805b360e0:   736e727574657220 00007f000a30203a
0x00007fe805b360f0:   0000000000000000 00007fe8054332f0 

Instructions: (pc=0x00007fe8052b3733)
0x00007fe8052b3713:   31 c0 48 89 df e8 43 c7 ff ff 48 89 df e8 3b c5
0x00007fe8052b3723:   ff ff 85 ed 75 57 45 84 ff 75 12 4d 85 f6 74 0d
0x00007fe8052b3733:   41 8b 4e 0c 85 c9 75 6c 66 66 90 66 90 48 8b 9c
0x00007fe8052b3743:   24 28 02 00 00 48 8b ac 24 30 02 00 00 31 c0 4c 

Register to memory mapping:

RAX=0x000000000000001c is an unknown value
RBX=0x00007fe805b360d0 is pointing into the stack for thread: 0x00007fe8603a7800
RCX=0x000000007fffffe4 is an unknown value
RDX=0x00007fe8052b60cc: <offset 0xa0cc> in /home/romanelli/dev/lib/rxtx-2.1-7-bins-r2/Linux/x86_64-unknown-linux-gnu/librxtxSerial.so at 0x00007fe8052ac000
RSP=0x00007fe805b35f00 is pointing into the stack for thread: 0x00007fe8603a7800
RBP=0x0000000000000000 is an unknown value
RSI=0x0000000000000001 is an unknown value
RDI=0x00007fe805b360d0 is pointing into the stack for thread: 0x00007fe8603a7800
R8 =0x0000000000000000 is an unknown value
R9 =0x000000000000001c is an unknown value
R10=0x0000000000000000 is an unknown value
R11=0x0000000000000000 is an unknown value
R12=0x000000000000000b is an unknown value
R13=0x00007fe8603a79f8 is an unknown value
R14=0x00000000052aa7d0 is an unknown value
R15=0x0000000000000000 is an unknown value


Stack: [0x00007fe805a39000,0x00007fe805b3a000],  sp=0x00007fe805b35f00,  free space=1011k
Native frames: (J=compiled Java code, j=interpreted, Vv=VM code, C=native code)
C  [librxtxSerial.so+0x7733]  Java_gnu_io_RXTXPort_nativeDrain+0xc3

Java frames: (J=compiled Java code, j=interpreted, Vv=VM code)
j  gnu.io.RXTXPort.nativeDrain(Z)Z+0
j  gnu.io.RXTXPort$SerialOutputStream.flush()V+92
j  controledopuxafrangos.ComunicadorSerial.enviarDados(Ljava/lang/String;)V+23
j  controledopuxafrangos.BracoRobotico.enviarStringComando(Ljava/lang/String;)V+5
j  controledopuxafrangos.BracoRobotico.moverGarra(I)V+41
j  controledopuxafrangos.TelaPrincipal.jbuttonExecutarComandosActionPerformed(Ljava/awt/event/ActionEvent;)V+8
j  controledopuxafrangos.TelaPrincipal.access$000(Lcontroledopuxafrangos/TelaPrincipal;Ljava/awt/event/ActionEvent;)V+2
j  controledopuxafrangos.TelaPrincipal$1.actionPerformed(Ljava/awt/event/ActionEvent;)V+5
j  javax.swing.AbstractButton.fireActionPerformed(Ljava/awt/event/ActionEvent;)V+83
j  javax.swing.AbstractButton$Handler.actionPerformed(Ljava/awt/event/ActionEvent;)V+5
j  javax.swing.DefaultButtonModel.fireActionPerformed(Ljava/awt/event/ActionEvent;)V+34
j  javax.swing.DefaultButtonModel.setPressed(Z)V+117
j  javax.swing.plaf.basic.BasicButtonListener.mouseReleased(Ljava/awt/event/MouseEvent;)V+35
j  java.awt.Component.processMouseEvent(Ljava/awt/event/MouseEvent;)V+64
j  javax.swing.JComponent.processMouseEvent(Ljava/awt/event/MouseEvent;)V+23
j  java.awt.Component.processEvent(Ljava/awt/AWTEvent;)V+81
j  java.awt.Container.processEvent(Ljava/awt/AWTEvent;)V+18
j  java.awt.Component.dispatchEventImpl(Ljava/awt/AWTEvent;)V+589
j  java.awt.Container.dispatchEventImpl(Ljava/awt/AWTEvent;)V+42
j  java.awt.Component.dispatchEvent(Ljava/awt/AWTEvent;)V+2
j  java.awt.LightweightDispatcher.retargetMouseEvent(Ljava/awt/Component;ILjava/awt/event/MouseEvent;)V+327
j  java.awt.LightweightDispatcher.processMouseEvent(Ljava/awt/event/MouseEvent;)Z+155
j  java.awt.LightweightDispatcher.dispatchEvent(Ljava/awt/AWTEvent;)Z+50
j  java.awt.Container.dispatchEventImpl(Ljava/awt/AWTEvent;)V+12
j  java.awt.Window.dispatchEventImpl(Ljava/awt/AWTEvent;)V+19
j  java.awt.Component.dispatchEvent(Ljava/awt/AWTEvent;)V+2
j  java.awt.EventQueue.dispatchEventImpl(Ljava/awt/AWTEvent;Ljava/lang/Object;)V+41
j  java.awt.EventQueue.access$500(Ljava/awt/EventQueue;Ljava/awt/AWTEvent;Ljava/lang/Object;)V+3
j  java.awt.EventQueue$3.run()Ljava/lang/Void;+32
j  java.awt.EventQueue$3.run()Ljava/lang/Object;+1
v  ~StubRoutines::call_stub
j  java.security.AccessController.doPrivileged(Ljava/security/PrivilegedAction;Ljava/security/AccessControlContext;)Ljava/lang/Object;+0
j  java.security.ProtectionDomain$JavaSecurityAccessImpl.doIntersectionPrivilege(Ljava/security/PrivilegedAction;Ljava/security/AccessControlContext;Ljava/security/AccessControlContext;)Ljava/lang/Object;+18
j  java.security.ProtectionDomain$JavaSecurityAccessImpl.doIntersectionPrivilege(Ljava/security/PrivilegedAction;Ljava/security/AccessControlContext;)Ljava/lang/Object;+6
j  java.awt.EventQueue$4.run()Ljava/lang/Void;+11
j  java.awt.EventQueue$4.run()Ljava/lang/Object;+1
v  ~StubRoutines::call_stub
j  java.security.AccessController.doPrivileged(Ljava/security/PrivilegedAction;Ljava/security/AccessControlContext;)Ljava/lang/Object;+0
j  java.security.ProtectionDomain$JavaSecurityAccessImpl.doIntersectionPrivilege(Ljava/security/PrivilegedAction;Ljava/security/AccessControlContext;Ljava/security/AccessControlContext;)Ljava/lang/Object;+18
j  java.awt.EventQueue.dispatchEvent(Ljava/awt/AWTEvent;)V+73
j  java.awt.EventDispatchThread.pumpOneEventForFilters(I)V+245
j  java.awt.EventDispatchThread.pumpEventsForFilter(ILjava/awt/Conditional;Ljava/awt/EventFilter;)V+35
j  java.awt.EventDispatchThread.pumpEventsForHierarchy(ILjava/awt/Conditional;Ljava/awt/Component;)V+11
j  java.awt.EventDispatchThread.pumpEvents(ILjava/awt/Conditional;)V+4
j  java.awt.EventDispatchThread.pumpEvents(Ljava/awt/Conditional;)V+3
j  java.awt.EventDispatchThread.run()V+9
v  ~StubRoutines::call_stub

---------------  P R O C E S S  ---------------

Java Threads: ( => current thread )
  0x00007fe7f8295000 JavaThread "Thread-0" daemon [_thread_in_native, id=14465, stack(0x00007fe8051ab000,0x00007fe8052ac000)]
  0x00007fe7f8266800 JavaThread "TimerQueue" daemon [_thread_blocked, id=14464, stack(0x00007fe806002000,0x00007fe806103000)]
  0x00007fe86000a000 JavaThread "DestroyJavaVM" [_thread_blocked, id=14446, stack(0x00007fe867c94000,0x00007fe867d95000)]
=>0x00007fe8603a7800 JavaThread "AWT-EventQueue-0" [_thread_in_native, id=14463, stack(0x00007fe805a39000,0x00007fe805b3a000)]
  0x00007fe8603a5800 JavaThread "AWT-Shutdown" [_thread_blocked, id=14462, stack(0x00007fe805b3a000,0x00007fe805c3b000)]
  0x00007fe860207000 JavaThread "AWT-XAWT" daemon [_thread_in_native, id=14461, stack(0x00007fe83533b000,0x00007fe83543c000)]
  0x00007fe8601eb000 JavaThread "Java2D Disposer" daemon [_thread_blocked, id=14460, stack(0x00007fe84c0a7000,0x00007fe84c1a8000)]
  0x00007fe8600c1000 JavaThread "Service Thread" daemon [_thread_blocked, id=14458, stack(0x00007fe84d130000,0x00007fe84d231000)]
  0x00007fe8600be000 JavaThread "C1 CompilerThread2" daemon [_thread_blocked, id=14457, stack(0x00007fe84d231000,0x00007fe84d332000)]
  0x00007fe8600bc000 JavaThread "C2 CompilerThread1" daemon [_thread_blocked, id=14456, stack(0x00007fe84d332000,0x00007fe84d433000)]
  0x00007fe8600b9800 JavaThread "C2 CompilerThread0" daemon [_thread_blocked, id=14455, stack(0x00007fe84d433000,0x00007fe84d534000)]
  0x00007fe8600b8000 JavaThread "Signal Dispatcher" daemon [_thread_blocked, id=14454, stack(0x00007fe84d534000,0x00007fe84d635000)]
  0x00007fe860084000 JavaThread "Finalizer" daemon [_thread_blocked, id=14453, stack(0x00007fe84d635000,0x00007fe84d736000)]
  0x00007fe86007f000 JavaThread "Reference Handler" daemon [_thread_blocked, id=14452, stack(0x00007fe84d736000,0x00007fe84d837000)]

Other Threads:
  0x00007fe860077800 VMThread [stack: 0x00007fe84d837000,0x00007fe84d938000] [id=14451]
  0x00007fe8600c4000 WatcherThread [stack: 0x00007fe84d02f000,0x00007fe84d130000] [id=14459]

VM state:not at safepoint (normal execution)

VM Mutex/Monitor currently owned by a thread: None

Heap:
 PSYoungGen      total 17920K, used 7793K [0x00000000ec180000, 0x00000000ee480000, 0x0000000100000000)
  eden space 15360K, 34% used [0x00000000ec180000,0x00000000ec69c698,0x00000000ed080000)
  from space 2560K, 100% used [0x00000000ed080000,0x00000000ed300000,0x00000000ed300000)
  to   space 2560K, 0% used [0x00000000ee200000,0x00000000ee200000,0x00000000ee480000)
 ParOldGen       total 40960K, used 591K [0x00000000c4400000, 0x00000000c6c00000, 0x00000000ec180000)
  object space 40960K, 1% used [0x00000000c4400000,0x00000000c4493e90,0x00000000c6c00000)
 Metaspace       used 13299K, capacity 13570K, committed 13824K, reserved 1060864K
  class space    used 1653K, capacity 1749K, committed 1792K, reserved 1048576K

Card table byte_map: [0x00007fe864864000,0x00007fe864a43000] byte_map_base: 0x00007fe864242000

Marking Bits: (ParMarkBitMap*) 0x00007fe86716b120
 Begin Bits: [0x00007fe84f220000, 0x00007fe850110000)
 End Bits:   [0x00007fe850110000, 0x00007fe851000000)

Polling page: 0x00007fe867dba000

CodeCache: size=245760Kb used=3789Kb max_used=3798Kb free=241971Kb
 bounds [0x00007fe851000000, 0x00007fe8513c0000, 0x00007fe860000000]
 total_blobs=1654 nmethods=1098 adapters=470
 compilation: enabled

Compilation events (10 events):
Event: 9,918 Thread 0x00007fe8600be000 1096  s    3       java.io.BufferedInputStream::read (49 bytes)
Event: 9,919 Thread 0x00007fe8600be000 nmethod 1096 0x00007fe8513b3650 code [0x00007fe8513b3800, 0x00007fe8513b3d58]
Event: 9,919 Thread 0x00007fe8600be000 1097       3       java.io.DataInputStream::readInt (72 bytes)
Event: 9,919 Thread 0x00007fe8600be000 nmethod 1097 0x00007fe8513b3f50 code [0x00007fe8513b4100, 0x00007fe8513b4668]
Event: 9,922 Thread 0x00007fe8600b9800 1098       4       java.lang.String::startsWith (72 bytes)
Event: 9,926 Thread 0x00007fe8600be000 1099       3       java.util.zip.ZStreamRef::address (5 bytes)
Event: 9,926 Thread 0x00007fe8600be000 nmethod 1099 0x00007fe8513b4890 code [0x00007fe8513b49e0, 0x00007fe8513b4b30]
Event: 9,928 Thread 0x00007fe8600b9800 nmethod 1098 0x00007fe8513b7d50 code [0x00007fe8513b7ea0, 0x00007fe8513b8058]
Event: 9,928 Thread 0x00007fe8600be000 1100       3       java.lang.Enum::<init> (15 bytes)
Event: 9,929 Thread 0x00007fe8600be000 nmethod 1100 0x00007fe8513b7750 code [0x00007fe8513b78c0, 0x00007fe8513b7a90]

GC Heap History (2 events):
Event: 0,979 GC heap before
{Heap before GC invocations=1 (full 0):
 PSYoungGen      total 17920K, used 15360K [0x00000000ec180000, 0x00000000ed580000, 0x0000000100000000)
  eden space 15360K, 100% used [0x00000000ec180000,0x00000000ed080000,0x00000000ed080000)
  from space 2560K, 0% used [0x00000000ed300000,0x00000000ed300000,0x00000000ed580000)
  to   space 2560K, 0% used [0x00000000ed080000,0x00000000ed080000,0x00000000ed300000)
 ParOldGen       total 40960K, used 0K [0x00000000c4400000, 0x00000000c6c00000, 0x00000000ec180000)
  object space 40960K, 0% used [0x00000000c4400000,0x00000000c4400000,0x00000000c6c00000)
 Metaspace       used 10195K, capacity 10410K, committed 10624K, reserved 1058816K
  class space    used 1254K, capacity 1359K, committed 1408K, reserved 1048576K
Event: 0,989 GC heap after
Heap after GC invocations=1 (full 0):
 PSYoungGen      total 17920K, used 2560K [0x00000000ec180000, 0x00000000ee480000, 0x0000000100000000)
  eden space 15360K, 0% used [0x00000000ec180000,0x00000000ec180000,0x00000000ed080000)
  from space 2560K, 100% used [0x00000000ed080000,0x00000000ed300000,0x00000000ed300000)
  to   space 2560K, 0% used [0x00000000ee200000,0x00000000ee200000,0x00000000ee480000)
 ParOldGen       total 40960K, used 591K [0x00000000c4400000, 0x00000000c6c00000, 0x00000000ec180000)
  object space 40960K, 1% used [0x00000000c4400000,0x00000000c4493e90,0x00000000c6c00000)
 Metaspace       used 10195K, capacity 10410K, committed 10624K, reserved 1058816K
  class space    used 1254K, capacity 1359K, committed 1408K, reserved 1048576K
}

Deoptimization events (10 events):
Event: 0,898 Thread 0x00007fe8603a7800 Uncommon trap: reason=class_check action=maybe_recompile pc=0x00007fe85127b078 method=java.util.HashMap.getNode(ILjava/lang/Object;)Ljava/util/HashMap$Node; @ 126
Event: 0,899 Thread 0x00007fe8603a7800 Uncommon trap: reason=class_check action=maybe_recompile pc=0x00007fe85127b078 method=java.util.HashMap.getNode(ILjava/lang/Object;)Ljava/util/HashMap$Node; @ 126
Event: 0,993 Thread 0x00007fe8603a7800 Uncommon trap: reason=unstable_if action=reinterpret pc=0x00007fe85129aea0 method=java.lang.ref.SoftReference.get()Ljava/lang/Object; @ 17
Event: 1,064 Thread 0x00007fe8603a7800 Uncommon trap: reason=class_check action=maybe_recompile pc=0x00007fe851162df0 method=java.lang.String.equals(Ljava/lang/Object;)Z @ 8
Event: 1,069 Thread 0x00007fe8603a7800 Uncommon trap: reason=class_check action=maybe_recompile pc=0x00007fe851162df0 method=java.lang.String.equals(Ljava/lang/Object;)Z @ 8
Event: 1,075 Thread 0x00007fe8603a7800 Uncommon trap: reason=class_check action=maybe_recompile pc=0x00007fe851162df0 method=java.lang.String.equals(Ljava/lang/Object;)Z @ 8
Event: 1,075 Thread 0x00007fe8603a7800 Uncommon trap: reason=class_check action=maybe_recompile pc=0x00007fe851162df0 method=java.lang.String.equals(Ljava/lang/Object;)Z @ 8
Event: 2,417 Thread 0x00007fe8603a7800 Uncommon trap: reason=unstable_if action=reinterpret pc=0x00007fe8511e3f18 method=java.io.UnixFileSystem.normalize(Ljava/lang/String;)Ljava/lang/String; @ 60
Event: 2,422 Thread 0x00007fe8603a7800 Uncommon trap: reason=unstable_if action=reinterpret pc=0x00007fe8511ab2dc method=java.lang.String.<init>([CII)V @ 18
Event: 9,912 Thread 0x00007fe8603a7800 Uncommon trap: reason=unstable_if action=reinterpret pc=0x00007fe851358fc4 method=java.lang.StringCoding.decode(Ljava/lang/String;[BII)[C @ 51

Internal exceptions (10 events):
Event: 0,865 Thread 0x00007fe8603a7800 Implicit null exception at 0x00007fe8511fafb5 to 0x00007fe8511fb31d
Event: 0,868 Thread 0x00007fe8603a7800 Implicit null exception at 0x00007fe8511b4075 to 0x00007fe8511b43d1
Event: 2,420 Thread 0x00007fe8603a7800 Exception <a 'java/io/FileNotFoundException'> (0x00000000ec48e1d8) thrown at [/HUDSON3/workspace/8-2-build-linux-amd64/jdk8u101/7261/hotspot/src/share/vm/prims/jni.cpp, line 709]
Event: 2,420 Thread 0x00007fe8603a7800 Exception <a 'java/io/FileNotFoundException'> (0x00000000ec48ed70) thrown at [/HUDSON3/workspace/8-2-build-linux-amd64/jdk8u101/7261/hotspot/src/share/vm/prims/jni.cpp, line 709]
Event: 2,443 Thread 0x00007fe8603a7800 Exception <a 'java/io/FileNotFoundException'> (0x00000000ec507a38) thrown at [/HUDSON3/workspace/8-2-build-linux-amd64/jdk8u101/7261/hotspot/src/share/vm/prims/jni.cpp, line 709]
Event: 2,443 Thread 0x00007fe8603a7800 Exception <a 'java/io/FileNotFoundException'> (0x00000000ec5085d0) thrown at [/HUDSON3/workspace/8-2-build-linux-amd64/jdk8u101/7261/hotspot/src/share/vm/prims/jni.cpp, line 709]
Event: 2,445 Thread 0x00007fe8603a7800 Exception <a 'java/io/FileNotFoundException'> (0x00000000ec51a518) thrown at [/HUDSON3/workspace/8-2-build-linux-amd64/jdk8u101/7261/hotspot/src/share/vm/prims/jni.cpp, line 709]
Event: 2,446 Thread 0x00007fe8603a7800 Exception <a 'java/io/FileNotFoundException'> (0x00000000ec51b0b0) thrown at [/HUDSON3/workspace/8-2-build-linux-amd64/jdk8u101/7261/hotspot/src/share/vm/prims/jni.cpp, line 709]
Event: 2,457 Thread 0x00007fe8603a7800 Exception <a 'java/io/FileNotFoundException'> (0x00000000ec5933e8) thrown at [/HUDSON3/workspace/8-2-build-linux-amd64/jdk8u101/7261/hotspot/src/share/vm/prims/jni.cpp, line 709]
Event: 2,457 Thread 0x00007fe8603a7800 Exception <a 'java/io/FileNotFoundException'> (0x00000000ec593f80) thrown at [/HUDSON3/workspace/8-2-build-linux-amd64/jdk8u101/7261/hotspot/src/share/vm/prims/jni.cpp, line 709]

Events (10 events):
Event: 9,929 loading class java/text/DontCareFieldPosition
Event: 9,929 loading class java/text/DontCareFieldPosition done
Event: 9,929 loading class java/text/DontCareFieldPosition$1
Event: 9,929 loading class java/text/Format$FieldDelegate
Event: 9,929 loading class java/text/Format$FieldDelegate done
Event: 9,929 loading class java/text/DontCareFieldPosition$1 done
Event: 9,929 loading class java/text/NumberFormat$Field
Event: 9,929 loading class java/text/Format$Field
Event: 9,929 loading class java/text/Format$Field done
Event: 9,929 loading class java/text/NumberFormat$Field done


Dynamic libraries:
00400000-00401000 r-xp 00000000 08:09 4994544                            /usr/lib/jvm/java-8-oracle/bin/java
00600000-00601000 rw-p 00000000 08:09 4994544                            /usr/lib/jvm/java-8-oracle/bin/java
016f4000-01715000 rw-p 00000000 00:00 0                                  [heap]
c4400000-c6c00000 rw-p 00000000 00:00 0 
c6c00000-ec180000 ---p 00000000 00:00 0 
ec180000-ee480000 rw-p 00000000 00:00 0 
ee480000-100000000 ---p 00000000 00:00 0 
100000000-1001c0000 rw-p 00000000 00:00 0 
1001c0000-140000000 ---p 00000000 00:00 0 
7fe7e4000000-7fe7e4022000 rw-p 00000000 00:00 0 
7fe7e4022000-7fe7e8000000 ---p 00000000 00:00 0 
7fe7ec000000-7fe7ec021000 rw-p 00000000 00:00 0 
7fe7ec021000-7fe7f0000000 ---p 00000000 00:00 0 
7fe7f0000000-7fe7f0021000 rw-p 00000000 00:00 0 
7fe7f0021000-7fe7f4000000 ---p 00000000 00:00 0 
7fe7f4765000-7fe7f601b000 r-xp 00000000 08:09 4989363                    /usr/lib/x86_64-linux-gnu/libicudata.so.55.1
7fe7f601b000-7fe7f621a000 ---p 018b6000 08:09 4989363                    /usr/lib/x86_64-linux-gnu/libicudata.so.55.1
7fe7f621a000-7fe7f621b000 r--p 018b5000 08:09 4989363                    /usr/lib/x86_64-linux-gnu/libicudata.so.55.1
7fe7f621b000-7fe7f621c000 rw-p 018b6000 08:09 4989363                    /usr/lib/x86_64-linux-gnu/libicudata.so.55.1
7fe7f621c000-7fe7f623d000 r-xp 00000000 08:09 6033938                    /lib/x86_64-linux-gnu/liblzma.so.5.0.0
7fe7f623d000-7fe7f643c000 ---p 00021000 08:09 6033938                    /lib/x86_64-linux-gnu/liblzma.so.5.0.0
7fe7f643c000-7fe7f643d000 r--p 00020000 08:09 6033938                    /lib/x86_64-linux-gnu/liblzma.so.5.0.0
7fe7f643d000-7fe7f643e000 rw-p 00021000 08:09 6033938                    /lib/x86_64-linux-gnu/liblzma.so.5.0.0
7fe7f643e000-7fe7f65bd000 r-xp 00000000 08:09 4989377                    /usr/lib/x86_64-linux-gnu/libicuuc.so.55.1
7fe7f65bd000-7fe7f67bd000 ---p 0017f000 08:09 4989377                    /usr/lib/x86_64-linux-gnu/libicuuc.so.55.1
7fe7f67bd000-7fe7f67cd000 r--p 0017f000 08:09 4989377                    /usr/lib/x86_64-linux-gnu/libicuuc.so.55.1
7fe7f67cd000-7fe7f67ce000 rw-p 0018f000 08:09 4989377                    /usr/lib/x86_64-linux-gnu/libicuuc.so.55.1
7fe7f67ce000-7fe7f67d2000 rw-p 00000000 00:00 0 
7fe7f67d2000-7fe7f6981000 r-xp 00000000 08:09 4989994                    /usr/lib/x86_64-linux-gnu/libxml2.so.2.9.3
7fe7f6981000-7fe7f6b81000 ---p 001af000 08:09 4989994                    /usr/lib/x86_64-linux-gnu/libxml2.so.2.9.3
7fe7f6b81000-7fe7f6b89000 r--p 001af000 08:09 4989994                    /usr/lib/x86_64-linux-gnu/libxml2.so.2.9.3
7fe7f6b89000-7fe7f6b8b000 rw-p 001b7000 08:09 4989994                    /usr/lib/x86_64-linux-gnu/libxml2.so.2.9.3
7fe7f6b8b000-7fe7f6b8c000 rw-p 00000000 00:00 0 
7fe7f6b8c000-7fe7f6bc3000 r-xp 00000000 08:09 4988960                    /usr/lib/x86_64-linux-gnu/libcroco-0.6.so.3.0.1
7fe7f6bc3000-7fe7f6dc3000 ---p 00037000 08:09 4988960                    /usr/lib/x86_64-linux-gnu/libcroco-0.6.so.3.0.1
7fe7f6dc3000-7fe7f6dc6000 r--p 00037000 08:09 4988960                    /usr/lib/x86_64-linux-gnu/libcroco-0.6.so.3.0.1
7fe7f6dc6000-7fe7f6dc7000 rw-p 0003a000 08:09 4988960                    /usr/lib/x86_64-linux-gnu/libcroco-0.6.so.3.0.1
7fe7f6dc7000-7fe7f6dfc000 r-xp 00000000 08:09 4989719                    /usr/lib/x86_64-linux-gnu/librsvg-2.so.2.40.13
7fe7f6dfc000-7fe7f6ffc000 ---p 00035000 08:09 4989719                    /usr/lib/x86_64-linux-gnu/librsvg-2.so.2.40.13
7fe7f6ffc000-7fe7f6ffd000 r--p 00035000 08:09 4989719                    /usr/lib/x86_64-linux-gnu/librsvg-2.so.2.40.13
7fe7f6ffd000-7fe7f6ffe000 rw-p 00036000 08:09 4989719                    /usr/lib/x86_64-linux-gnu/librsvg-2.so.2.40.13
7fe7f6ffe000-7fe7f6fff000 ---p 00000000 00:00 0 
7fe7f6fff000-7fe7f77ff000 rw-p 00000000 00:00 0 
7fe7f77ff000-7fe7f7800000 ---p 00000000 00:00 0 
7fe7f7800000-7fe7f8000000 rw-p 00000000 00:00 0 
7fe7f8000000-7fe7f8364000 rw-p 00000000 00:00 0 
7fe7f8364000-7fe7fc000000 ---p 00000000 00:00 0 
7fe7fc000000-7fe7fc28d000 rw-p 00000000 00:00 0 
7fe7fc28d000-7fe800000000 ---p 00000000 00:00 0 
7fe800000000-7fe800021000 rw-p 00000000 00:00 0 
7fe800021000-7fe804000000 ---p 00000000 00:00 0 
7fe80419b000-7fe80419d000 r-xp 00000000 08:09 5114216                    /usr/lib/x86_64-linux-gnu/gdk-pixbuf-2.0/2.10.0/loaders/libpixbufloader-svg.so
7fe80419d000-7fe80439c000 ---p 00002000 08:09 5114216                    /usr/lib/x86_64-linux-gnu/gdk-pixbuf-2.0/2.10.0/loaders/libpixbufloader-svg.so
7fe80439c000-7fe80439d000 r--p 00001000 08:09 5114216                    /usr/lib/x86_64-linux-gnu/gdk-pixbuf-2.0/2.10.0/loaders/libpixbufloader-svg.so
7fe80439d000-7fe80439e000 rw-p 00002000 08:09 5114216                    /usr/lib/x86_64-linux-gnu/gdk-pixbuf-2.0/2.10.0/loaders/libpixbufloader-svg.so
7fe80439e000-7fe8043b7000 r-xp 00000000 08:09 5114227                    /usr/lib/x86_64-linux-gnu/gio/modules/libgioremote-volume-monitor.so
7fe8043b7000-7fe8045b7000 ---p 00019000 08:09 5114227                    /usr/lib/x86_64-linux-gnu/gio/modules/libgioremote-volume-monitor.so
7fe8045b7000-7fe8045ba000 r--p 00019000 08:09 5114227                    /usr/lib/x86_64-linux-gnu/gio/modules/libgioremote-volume-monitor.so
7fe8045ba000-7fe8045bb000 rw-p 0001c000 08:09 5114227                    /usr/lib/x86_64-linux-gnu/gio/modules/libgioremote-volume-monitor.so
7fe8045bb000-7fe8045f1000 r-xp 00000000 08:09 5114466                    /usr/lib/x86_64-linux-gnu/gvfs/libgvfscommon.so
7fe8045f1000-7fe8047f1000 ---p 00036000 08:09 5114466                    /usr/lib/x86_64-linux-gnu/gvfs/libgvfscommon.so
7fe8047f1000-7fe8047f6000 r--p 00036000 08:09 5114466                    /usr/lib/x86_64-linux-gnu/gvfs/libgvfscommon.so
7fe8047f6000-7fe8047f7000 rw-p 0003b000 08:09 5114466                    /usr/lib/x86_64-linux-gnu/gvfs/libgvfscommon.so
7fe8047f7000-7fe804969000 r-xp 00000000 08:09 4989806                    /usr/lib/x86_64-linux-gnu/libstdc++.so.6.0.21
7fe804969000-7fe804b69000 ---p 00172000 08:09 4989806                    /usr/lib/x86_64-linux-gnu/libstdc++.so.6.0.21
7fe804b69000-7fe804b73000 r--p 00172000 08:09 4989806                    /usr/lib/x86_64-linux-gnu/libstdc++.so.6.0.21
7fe804b73000-7fe804b75000 rw-p 0017c000 08:09 4989806                    /usr/lib/x86_64-linux-gnu/libstdc++.so.6.0.21
7fe804b75000-7fe804b79000 rw-p 00000000 00:00 0 
7fe804d6c000-7fe804d9c000 r-xp 00000000 08:09 5114228                    /usr/lib/x86_64-linux-gnu/gio/modules/libgvfsdbus.so
7fe804d9c000-7fe804f9b000 ---p 00030000 08:09 5114228                    /usr/lib/x86_64-linux-gnu/gio/modules/libgvfsdbus.so
7fe804f9b000-7fe804f9c000 r--p 0002f000 08:09 5114228                    /usr/lib/x86_64-linux-gnu/gio/modules/libgvfsdbus.so
7fe804f9c000-7fe804f9d000 rw-p 00030000 08:09 5114228                    /usr/lib/x86_64-linux-gnu/gio/modules/libgvfsdbus.so
7fe804f9d000-7fe804f9e000 rw-p 00000000 00:00 0 
7fe804f9e000-7fe804fa9000 r-xp 00000000 08:09 5114223                    /usr/lib/x86_64-linux-gnu/gio/modules/libdconfsettings.so
7fe804fa9000-7fe8051a9000 ---p 0000b000 08:09 5114223                    /usr/lib/x86_64-linux-gnu/gio/modules/libdconfsettings.so
7fe8051a9000-7fe8051aa000 r--p 0000b000 08:09 5114223                    /usr/lib/x86_64-linux-gnu/gio/modules/libdconfsettings.so
7fe8051aa000-7fe8051ab000 rw-p 0000c000 08:09 5114223                    /usr/lib/x86_64-linux-gnu/gio/modules/libdconfsettings.so
7fe8051ab000-7fe8051ae000 ---p 00000000 00:00 0 
7fe8051ae000-7fe8052ac000 rw-p 00000000 00:00 0 
7fe8052ac000-7fe8052b8000 r-xp 00000000 08:0a 792426                     /home/romanelli/dev/lib/rxtx-2.1-7-bins-r2/Linux/x86_64-unknown-linux-gnu/librxtxSerial.so
7fe8052b8000-7fe8053b7000 ---p 0000c000 08:0a 792426                     /home/romanelli/dev/lib/rxtx-2.1-7-bins-r2/Linux/x86_64-unknown-linux-gnu/librxtxSerial.so
7fe8053b7000-7fe8053b9000 rw-p 0000b000 08:0a 792426                     /home/romanelli/dev/lib/rxtx-2.1-7-bins-r2/Linux/x86_64-unknown-linux-gnu/librxtxSerial.so
7fe8053b9000-7fe805579000 rw-p 00000000 00:00 0 
7fe805579000-7fe8055b9000 ---p 00000000 00:00 0 
7fe8055b9000-7fe805622000 r-xp 00000000 08:09 5119263                    /usr/lib/jvm/java-8-oracle/jre/lib/amd64/libt2k.so
7fe805622000-7fe805822000 ---p 00069000 08:09 5119263                    /usr/lib/jvm/java-8-oracle/jre/lib/amd64/libt2k.so
7fe805822000-7fe805829000 rw-p 00069000 08:09 5119263                    /usr/lib/jvm/java-8-oracle/jre/lib/amd64/libt2k.so
7fe805829000-7fe805a39000 rw-p 00000000 00:00 0 
7fe805a39000-7fe805a3c000 ---p 00000000 00:00 0 
7fe805a3c000-7fe805b3a000 rw-p 00000000 00:00 0 
7fe805b3a000-7fe805b3d000 ---p 00000000 00:00 0 
7fe805b3d000-7fe805c3b000 rw-p 00000000 00:00 0 
7fe805c3b000-7fe805c87000 r--p 00000000 08:09 5898825                    /usr/share/fonts/truetype/croscore/Cousine-Regular.ttf
7fe805c87000-7fe805c92000 r--p 00000000 08:0a 397976                     /home/romanelli/.fonts/DroidSans.ttf
7fe805d37000-7fe805d41000 r--s 00000000 08:09 5898250                    /usr/share/fonts/X11/Type1/c0582bt_.pfb
7fe805d5c000-7fe805d7c000 r--s 00000000 08:09 7867010                    /usr/share/texmf/fonts/type1/public/tex-gyre/qcsb.pfb
7fe805d7c000-7fe805d97000 r--s 00000000 08:09 7866173                    /usr/share/texmf/fonts/type1/public/lm/lmtcsc10.pfb
7fe805dd4000-7fe805df4000 r--s 00000000 08:09 7867017                    /usr/share/texmf/fonts/type1/public/tex-gyre/qcsr.pfb
7fe805df4000-7fe805e07000 r--s 00000000 08:09 5899291                    /usr/share/fonts/type1/gsfonts/n019064l.pfb
7fe805e18000-7fe805e36000 r--s 00000000 08:09 7866088                    /usr/share/texmf/fonts/type1/public/lm/lmr10.pfb
7fe805e36000-7fe805e55000 r--s 00000000 08:09 7867012                    /usr/share/texmf/fonts/type1/public/tex-gyre/qcrri.pfb
7fe805e6f000-7fe805e89000 r--s 00000000 08:09 5899255                    /usr/share/fonts/type1/gsfonts/c059013l.pfb
7fe805e89000-7fe805e92000 r--s 00000000 08:09 5898262                    /usr/share/fonts/X11/Type1/c0649bt_.pfb
7fe805ec8000-7fe805ee4000 r--s 00000000 08:09 7866998                    /usr/share/texmf/fonts/type1/public/tex-gyre/qagb.pfb
7fe805ee4000-7fe805f03000 r--s 00000000 08:09 7866991                    /usr/share/texmf/fonts/type1/public/tex-gyre/qcrr.pfb
7fe805f5d000-7fe805f66000 r--s 00000000 08:09 5898256                    /usr/share/fonts/X11/Type1/c0632bt_.pfb
7fe805f66000-7fe805f86000 r--s 00000000 08:09 7867009                    /usr/share/texmf/fonts/type1/public/tex-gyre/qcsri.pfb
7fe806002000-7fe806005000 ---p 00000000 00:00 0 
7fe806005000-7fe806103000 rw-p 00000000 00:00 0 
7fe806103000-7fe80610d000 r--s 00000000 08:09 5898248                    /usr/share/fonts/X11/Type1/c0419bt_.pfb
7fe80610d000-7fe806128000 r--s 00000000 08:09 5899324                    /usr/share/fonts/type1/gsfonts/p052023l.pfb
7fe806199000-7fe8061b7000 r--s 00000000 08:09 7866095                    /usr/share/texmf/fonts/type1/public/lm/lmbx10.pfb
7fe8061b7000-7fe8061cf000 r--s 00000000 08:09 5899264                    /usr/share/fonts/type1/gsfonts/c059036l.pfb
7fe8061cf000-7fe8061f0000 r--s 00000000 08:09 7866993                    /usr/share/texmf/fonts/type1/public/tex-gyre/qcsbi.pfb
7fe8061f0000-7fe8061fa000 r--s 00000000 08:09 5898252                    /usr/share/fonts/X11/Type1/c0583bt_.pfb
7fe806262000-7fe80627c000 r--s 00000000 08:09 7866126                    /usr/share/texmf/fonts/type1/public/lm/lmtl10.pfb
7fe80627c000-7fe806296000 r--s 00000000 08:09 7867016                    /usr/share/texmf/fonts/type1/public/tex-gyre/qhvcri.pfb
7fe8062b2000-7fe8062c7000 r--s 00000000 08:09 5899249                    /usr/share/fonts/type1/gsfonts/b018032l.pfb
7fe8062d9000-7fe8062fc000 r--s 00000000 08:09 7866166                    /usr/share/texmf/fonts/type1/public/lm/lmtko10.pfb
7fe806314000-7fe80631d000 r--s 00000000 08:09 5899330                    /usr/share/fonts/type1/gsfonts/s050000l.pfb
7fe806409000-7fe806425000 r--s 00000000 08:09 7866145                    /usr/share/texmf/fonts/type1/public/lm/lmbxi10.pfb
7fe806425000-7fe806438000 r--s 00000000 08:09 5899246                    /usr/share/fonts/type1/gsfonts/b018015l.pfb
7fe806459000-7fe806522000 rw-s 00000000 00:05 823427089                  /SYSV00000000 (deleted)
7fe806522000-7fe806544000 r--s 00000000 08:09 7867008                    /usr/share/texmf/fonts/type1/public/tex-gyre/qplr.pfb
7fe806561000-7fe806579000 r--s 00000000 08:09 5899261                    /usr/share/fonts/type1/gsfonts/c059033l.pfb
7fe806579000-7fe806594000 r--s 00000000 08:09 5899321                    /usr/share/fonts/type1/gsfonts/p052004l.pfb
7fe806594000-7fe8065b3000 r--s 00000000 08:09 7866172                    /usr/share/texmf/fonts/type1/public/lm/lmb10.pfb
7fe8065b3000-7fe8065bc000 r--s 00000000 08:09 5898258                    /usr/share/fonts/X11/Type1/c0633bt_.pfb
7fe8065bc000-7fe8065cd000 r--s 00000000 08:09 5899276                    /usr/share/fonts/type1/gsfonts/n019023l.pfb
7fe806626000-7fe806646000 r--s 00000000 08:09 7867020                    /usr/share/texmf/fonts/type1/public/tex-gyre/qcrbi.pfb
7fe806678000-7fe8066d8000 rw-s 00000000 00:05 823296015                  /SYSV00000000 (deleted)
7fe8066d8000-7fe8066f3000 r--s 00000000 08:09 5899318                    /usr/share/fonts/type1/gsfonts/p052003l.pfb
7fe80670e000-7fe80672e000 r--s 00000000 08:09 7866098                    /usr/share/texmf/fonts/type1/public/lm/lmtcso10.pfb
7fe806785000-7fe806797000 r--s 00000000 08:09 5899252                    /usr/share/fonts/type1/gsfonts/b018035l.pfb
7fe806797000-7fe8067b6000 r--s 00000000 08:09 7866089                    /usr/share/texmf/fonts/type1/public/lm/lmtlo10.pfb
7fe8067df000-7fe8067e8000 r--s 00000000 08:09 5898260                    /usr/share/fonts/X11/Type1/c0648bt_.pfb
7fe8067e8000-7fe806808000 r--s 00000000 08:09 7867018                    /usr/share/texmf/fonts/type1/public/tex-gyre/qcrb.pfb
7fe806829000-7fe80684c000 r--s 00000000 08:09 5246892                    /usr/share/mime/mime.cache
7fe80684c000-7fe80685e000 r--s 00000000 08:09 5899282                    /usr/share/fonts/type1/gsfonts/n019043l.pfb
7fe80685e000-7fe80686f000 r-xp 00000000 08:09 5119232                    /usr/lib/jvm/java-8-oracle/jre/lib/amd64/libnio.so
7fe80686f000-7fe806a6e000 ---p 00011000 08:09 5119232                    /usr/lib/jvm/java-8-oracle/jre/lib/amd64/libnio.so
7fe806a6e000-7fe806a6f000 rw-p 00010000 08:09 5119232                    /usr/lib/jvm/java-8-oracle/jre/lib/amd64/libnio.so
7fe806a6f000-7fe806d70000 rw-p 00000000 00:00 0 
7fe806d70000-7fe806d86000 r-xp 00000000 08:09 5119209                    /usr/lib/jvm/java-8-oracle/jre/lib/amd64/libnet.so
7fe806d86000-7fe806f86000 ---p 00016000 08:09 5119209                    /usr/lib/jvm/java-8-oracle/jre/lib/amd64/libnet.so
7fe806f86000-7fe806f87000 rw-p 00016000 08:09 5119209                    /usr/lib/jvm/java-8-oracle/jre/lib/amd64/libnet.so
7fe806f87000-7fe806f8e000 r-xp 00000000 08:09 4989575                    /usr/lib/x86_64-linux-gnu/libogg.so.0.8.2
7fe806f8e000-7fe80718e000 ---p 00007000 08:09 4989575                    /usr/lib/x86_64-linux-gnu/libogg.so.0.8.2
7fe80718e000-7fe80718f000 r--p 00007000 08:09 4989575                    /usr/lib/x86_64-linux-gnu/libogg.so.0.8.2
7fe80718f000-7fe807190000 rw-p 00008000 08:09 4989575                    /usr/lib/x86_64-linux-gnu/libogg.so.0.8.2
7fe807190000-7fe8071ba000 r-xp 00000000 08:09 4989899                    /usr/lib/x86_64-linux-gnu/libvorbis.so.0.4.8
7fe8071ba000-7fe8073ba000 ---p 0002a000 08:09 4989899                    /usr/lib/x86_64-linux-gnu/libvorbis.so.0.4.8
7fe8073ba000-7fe8073bb000 r--p 0002a000 08:09 4989899                    /usr/lib/x86_64-linux-gnu/libvorbis.so.0.4.8
7fe8073bb000-7fe8073bc000 rw-p 0002b000 08:09 4989899                    /usr/lib/x86_64-linux-gnu/libvorbis.so.0.4.8
7fe8073bc000-7fe8073c5000 r-xp 00000000 08:09 4989456                    /usr/lib/x86_64-linux-gnu/libltdl.so.7.3.1
7fe8073c5000-7fe8075c4000 ---p 00009000 08:09 4989456                    /usr/lib/x86_64-linux-gnu/libltdl.so.7.3.1
7fe8075c4000-7fe8075c5000 r--p 00008000 08:09 4989456                    /usr/lib/x86_64-linux-gnu/libltdl.so.7.3.1
7fe8075c5000-7fe8075c6000 rw-p 00009000 08:09 4989456                    /usr/lib/x86_64-linux-gnu/libltdl.so.7.3.1
7fe8075c6000-7fe8075da000 r-xp 00000000 08:09 4989827                    /usr/lib/x86_64-linux-gnu/libtdb.so.1.3.8
7fe8075da000-7fe8077d9000 ---p 00014000 08:09 4989827                    /usr/lib/x86_64-linux-gnu/libtdb.so.1.3.8
7fe8077d9000-7fe8077da000 r--p 00013000 08:09 4989827                    /usr/lib/x86_64-linux-gnu/libtdb.so.1.3.8
7fe8077da000-7fe8077db000 rw-p 00014000 08:09 4989827                    /usr/lib/x86_64-linux-gnu/libtdb.so.1.3.8
7fe8077db000-7fe8077e2000 r-xp 00000000 08:09 4989903                    /usr/lib/x86_64-linux-gnu/libvorbisfile.so.3.3.7
7fe8077e2000-7fe8079e2000 ---p 00007000 08:09 4989903                    /usr/lib/x86_64-linux-gnu/libvorbisfile.so.3.3.7
7fe8079e2000-7fe8079e3000 r--p 00007000 08:09 4989903                    /usr/lib/x86_64-linux-gnu/libvorbisfile.so.3.3.7
7fe8079e3000-7fe8079e4000 rw-p 00008000 08:09 4989903                    /usr/lib/x86_64-linux-gnu/libvorbisfile.so.3.3.7
7fe8079e4000-7fe8079f4000 r-xp 00000000 08:09 4988912                    /usr/lib/x86_64-linux-gnu/libcanberra.so.0.2.5
7fe8079f4000-7fe807bf3000 ---p 00010000 08:09 4988912                    /usr/lib/x86_64-linux-gnu/libcanberra.so.0.2.5
7fe807bf3000-7fe807bf4000 r--p 0000f000 08:09 4988912                    /usr/lib/x86_64-linux-gnu/libcanberra.so.0.2.5
7fe807bf4000-7fe807bf5000 rw-p 00010000 08:09 4988912                    /usr/lib/x86_64-linux-gnu/libcanberra.so.0.2.5
7fe807bf5000-7fe807bf9000 r-xp 00000000 08:09 4988908                    /usr/lib/x86_64-linux-gnu/libcanberra-gtk.so.0.1.9
7fe807bf9000-7fe807df8000 ---p 00004000 08:09 4988908                    /usr/lib/x86_64-linux-gnu/libcanberra-gtk.so.0.1.9
7fe807df8000-7fe807df9000 r--p 00003000 08:09 4988908                    /usr/lib/x86_64-linux-gnu/libcanberra-gtk.so.0.1.9
7fe807df9000-7fe807dfa000 rw-p 00004000 08:09 4988908                    /usr/lib/x86_64-linux-gnu/libcanberra-gtk.so.0.1.9
7fe807dfa000-7fe807dff000 r-xp 00000000 08:09 5114419                    /usr/lib/x86_64-linux-gnu/gtk-2.0/modules/libcanberra-gtk-module.so
7fe807dff000-7fe807ffe000 ---p 00005000 08:09 5114419                    /usr/lib/x86_64-linux-gnu/gtk-2.0/modules/libcanberra-gtk-module.so
7fe807ffe000-7fe807fff000 r--p 00004000 08:09 5114419                    /usr/lib/x86_64-linux-gnu/gtk-2.0/modules/libcanberra-gtk-module.so
7fe807fff000-7fe808000000 rw-p 00005000 08:09 5114419                    /usr/lib/x86_64-linux-gnu/gtk-2.0/modules/libcanberra-gtk-module.so
7fe808000000-7fe808028000 rw-p 00000000 00:00 0 
7fe808028000-7fe80c000000 ---p 00000000 00:00 0 
7fe80c006000-7fe80c01f000 r--s 00000000 08:09 7866992                    /usr/share/texmf/fonts/type1/public/tex-gyre/qagri.pfb
7fe80c041000-7fe80c053000 r--s 00000000 08:09 5899285                    /usr/share/fonts/type1/gsfonts/n019044l.pfb
7fe80c059000-7fe80c063000 r--s 00116000 08:09 5119280                    /usr/lib/jvm/java-8-oracle/jre/lib/ext/localedata.jar
7fe80c063000-7fe80c064000 r--s 00000000 08:0a 406431                     /home/romanelli/.local/share/mime/mime.cache
7fe80c064000-7fe80c069000 r--p 00000000 08:09 6308644                    /usr/share/icons/hicolor/icon-theme.cache
7fe80c069000-7fe80c085000 r--p 00000000 08:09 6307385                    /usr/share/icons/gnome/icon-theme.cache
7fe80c085000-7fe80c09b000 r--p 00000000 08:09 6307389                    /usr/share/icons/elementary/icon-theme.cache
7fe80c09b000-7fe80c0a2000 r--s 00000000 08:09 6559257                    /var/cache/fontconfig/4be9850f182b35c1350b6bbf2e42601c-le64.cache-6
7fe80c0a2000-7fe80c0a4000 r--s 00000000 08:09 6578449                    /var/cache/fontconfig/30a99c4256905863f7aa12b5e873c27c-le64.cache-6
7fe80c0a4000-7fe80c0a5000 r--s 00000000 08:09 6561863                    /var/cache/fontconfig/087e1975ba9a574b140bb1df193bf770-le64.cache-6
7fe80c0a5000-7fe80c0a9000 r--s 00000000 08:09 6578447                    /var/cache/fontconfig/6aa41aa22e18b8fa06a12da28ea9c28b-le64.cache-6
7fe80c0a9000-7fe80c0b4000 r--s 00000000 08:09 6561201                    /var/cache/fontconfig/945677eb7aeaf62f1d50efc3fb3ec7d8-le64.cache-6
7fe80c0b4000-7fe80c0b6000 r--s 00000000 08:09 6582344                    /var/cache/fontconfig/99e8ed0e538f840c565b6ed5dad60d56-le64.cache-6
7fe80c0b6000-7fe80c0bf000 r--s 00000000 08:09 6578445                    /var/cache/fontconfig/a6d8cf8e4ec09cdbc8633c31745a07dd-le64.cache-6
7fe80c0bf000-7fe80c0c5000 r--s 00000000 08:09 6578444                    /var/cache/fontconfig/2cd17615ca594fa2959ae173292e504c-le64.cache-6
7fe80c0c5000-7fe80c0c6000 r--s 00000000 08:09 6578443                    /var/cache/fontconfig/0d8c3b2ac0904cb8a57a757ad11a4a08-le64.cache-6
7fe80c0c6000-7fe80c0ca000 r--s 00000000 08:09 6578442                    /var/cache/fontconfig/de156ccd2eddbdc19d37a45b8b2aac9c-le64.cache-6
7fe80c0ca000-7fe80c0df000 r--s 00000000 08:09 6578441                    /var/cache/fontconfig/04aabc0a78ac019cf9454389977116d2-le64.cache-6
7fe80c0df000-7fe80c0e0000 r--s 00000000 08:09 6578440                    /var/cache/fontconfig/1ac9eb803944fde146138c791f5cc56a-le64.cache-6
7fe80c0e0000-7fe80c0e1000 r--s 00000000 08:09 6578439                    /var/cache/fontconfig/b95bc8ffbebda2bbdae4265e45b8178d-le64.cache-6
7fe80c0e1000-7fe80c0e6000 r--s 00000000 08:09 6578438                    /var/cache/fontconfig/eb48934c523a49add3824bfad8846c40-le64.cache-6
7fe80c0e6000-7fe80c0eb000 r--s 00000000 08:09 6578437                    /var/cache/fontconfig/385c0604a188198f04d133e54aba7fe7-le64.cache-6
7fe80c0eb000-7fe80c0ec000 r--s 00000000 08:09 6578436                    /var/cache/fontconfig/9c956a7723ca69a44b382d9179c9802f-le64.cache-6
7fe80c0ec000-7fe80c0f0000 r--s 00000000 08:09 6578420                    /var/cache/fontconfig/f0b0891f3a988e97b2aa7c076a1430f3-le64.cache-6
7fe80c0f0000-7fe80c0f4000 r--s 00000000 08:09 6578414                    /var/cache/fontconfig/7b79abe4499501fcd4e4826394083a53-le64.cache-6
7fe80c0f4000-7fe80c124000 r-xp 00000000 08:09 5112995                    /usr/lib/x86_64-linux-gnu/gtk-2.0/2.10.0/engines/libmurrine.so
7fe80c124000-7fe80c324000 ---p 00030000 08:09 5112995                    /usr/lib/x86_64-linux-gnu/gtk-2.0/2.10.0/engines/libmurrine.so
7fe80c324000-7fe80c325000 r--p 00030000 08:09 5112995                    /usr/lib/x86_64-linux-gnu/gtk-2.0/2.10.0/engines/libmurrine.so
7fe80c325000-7fe80c326000 rw-p 00031000 08:09 5112995                    /usr/lib/x86_64-linux-gnu/gtk-2.0/2.10.0/engines/libmurrine.so
7fe80c326000-7fe80c327000 r-xp 00000000 08:09 4989305                    /usr/lib/x86_64-linux-gnu/libgthread-2.0.so.0.4800.1
7fe80c327000-7fe80c526000 ---p 00001000 08:09 4989305                    /usr/lib/x86_64-linux-gnu/libgthread-2.0.so.0.4800.1
7fe80c526000-7fe80c527000 r--p 00000000 08:09 4989305                    /usr/lib/x86_64-linux-gnu/libgthread-2.0.so.0.4800.1
7fe80c527000-7fe80c528000 rw-p 00001000 08:09 4989305                    /usr/lib/x86_64-linux-gnu/libgthread-2.0.so.0.4800.1
7fe80c528000-7fe80c52e000 r-xp 00000000 08:09 4988981                    /usr/lib/x86_64-linux-gnu/libdatrie.so.1.3.3
7fe80c52e000-7fe80c72e000 ---p 00006000 08:09 4988981                    /usr/lib/x86_64-linux-gnu/libdatrie.so.1.3.3
7fe80c72e000-7fe80c72f000 r--p 00006000 08:09 4988981                    /usr/lib/x86_64-linux-gnu/libdatrie.so.1.3.3
7fe80c72f000-7fe80c730000 rw-p 00007000 08:09 4988981                    /usr/lib/x86_64-linux-gnu/libdatrie.so.1.3.3
7fe80c730000-7fe80c753000 r-xp 00000000 08:09 4989251                    /usr/lib/x86_64-linux-gnu/libgraphite2.so.3.0.1
7fe80c753000-7fe80c952000 ---p 00023000 08:09 4989251                    /usr/lib/x86_64-linux-gnu/libgraphite2.so.3.0.1
7fe80c952000-7fe80c954000 r--p 00022000 08:09 4989251                    /usr/lib/x86_64-linux-gnu/libgraphite2.so.3.0.1
7fe80c954000-7fe80c955000 rw-p 00024000 08:09 4989251                    /usr/lib/x86_64-linux-gnu/libgraphite2.so.3.0.1
7fe80c955000-7fe80c97b000 r-xp 00000000 08:09 6033902                    /lib/x86_64-linux-gnu/libexpat.so.1.6.0
7fe80c97b000-7fe80cb7b000 ---p 00026000 08:09 6033902                    /lib/x86_64-linux-gnu/libexpat.so.1.6.0
7fe80cb7b000-7fe80cb7d000 r--p 00026000 08:09 6033902                    /lib/x86_64-linux-gnu/libexpat.so.1.6.0
7fe80cb7d000-7fe80cb7e000 rw-p 00028000 08:09 6033902                    /lib/x86_64-linux-gnu/libexpat.so.1.6.0
7fe80cb7e000-7fe80cbec000 r-xp 00000000 08:09 6034000                    /lib/x86_64-linux-gnu/libpcre.so.3.13.2
7fe80cbec000-7fe80cdec000 ---p 0006e000 08:09 6034000                    /lib/x86_64-linux-gnu/libpcre.so.3.13.2
7fe80cdec000-7fe80cded000 r--p 0006e000 08:09 6034000                    /lib/x86_64-linux-gnu/libpcre.so.3.13.2
7fe80cded000-7fe80cdee000 rw-p 0006f000 08:09 6034000                    /lib/x86_64-linux-gnu/libpcre.so.3.13.2
7fe80cdee000-7fe80cdf5000 r-xp 00000000 08:09 4989082                    /usr/lib/x86_64-linux-gnu/libffi.so.6.0.4
7fe80cdf5000-7fe80cff4000 ---p 00007000 08:09 4989082                    /usr/lib/x86_64-linux-gnu/libffi.so.6.0.4
7fe80cff4000-7fe80cff5000 r--p 00006000 08:09 4989082                    /usr/lib/x86_64-linux-gnu/libffi.so.6.0.4
7fe80cff5000-7fe80cff6000 rw-p 00007000 08:09 4989082                    /usr/lib/x86_64-linux-gnu/libffi.so.6.0.4
7fe80cff6000-7fe80cffe000 r-xp 00000000 08:09 4989833                    /usr/lib/x86_64-linux-gnu/libthai.so.0.2.4
7fe80cffe000-7fe80d1fd000 ---p 00008000 08:09 4989833                    /usr/lib/x86_64-linux-gnu/libthai.so.0.2.4
7fe80d1fd000-7fe80d1fe000 r--p 00007000 08:09 4989833                    /usr/lib/x86_64-linux-gnu/libthai.so.0.2.4
7fe80d1fe000-7fe80d1ff000 rw-p 00008000 08:09 4989833                    /usr/lib/x86_64-linux-gnu/libthai.so.0.2.4
7fe80d1ff000-7fe80d25b000 r-xp 00000000 08:09 4989331                    /usr/lib/x86_64-linux-gnu/libharfbuzz.so.0.10000.1
7fe80d25b000-7fe80d45b000 ---p 0005c000 08:09 4989331                    /usr/lib/x86_64-linux-gnu/libharfbuzz.so.0.10000.1
7fe80d45b000-7fe80d45c000 r--p 0005c000 08:09 4989331                    /usr/lib/x86_64-linux-gnu/libharfbuzz.so.0.10000.1
7fe80d45c000-7fe80d45d000 rw-p 0005d000 08:09 4989331                    /usr/lib/x86_64-linux-gnu/libharfbuzz.so.0.10000.1
7fe80d45d000-7fe80d474000 r-xp 00000000 08:09 6034023                    /lib/x86_64-linux-gnu/libresolv-2.23.so
7fe80d474000-7fe80d674000 ---p 00017000 08:09 6034023                    /lib/x86_64-linux-gnu/libresolv-2.23.so
7fe80d674000-7fe80d675000 r--p 00017000 08:09 6034023                    /lib/x86_64-linux-gnu/libresolv-2.23.so
7fe80d675000-7fe80d676000 rw-p 00018000 08:09 6034023                    /lib/x86_64-linux-gnu/libresolv-2.23.so
7fe80d676000-7fe80d678000 rw-p 00000000 00:00 0 
7fe80d678000-7fe80d697000 r-xp 00000000 08:09 6034029                    /lib/x86_64-linux-gnu/libselinux.so.1
7fe80d697000-7fe80d896000 ---p 0001f000 08:09 6034029                    /lib/x86_64-linux-gnu/libselinux.so.1
7fe80d896000-7fe80d897000 r--p 0001e000 08:09 6034029                    /lib/x86_64-linux-gnu/libselinux.so.1
7fe80d897000-7fe80d898000 rw-p 0001f000 08:09 6034029                    /lib/x86_64-linux-gnu/libselinux.so.1
7fe80d898000-7fe80d89a000 rw-p 00000000 00:00 0 
7fe80d89a000-7fe80d8b3000 r-xp 00000000 08:09 6034061                    /lib/x86_64-linux-gnu/libz.so.1.2.8
7fe80d8b3000-7fe80dab2000 ---p 00019000 08:09 6034061                    /lib/x86_64-linux-gnu/libz.so.1.2.8
7fe80dab2000-7fe80dab3000 r--p 00018000 08:09 6034061                    /lib/x86_64-linux-gnu/libz.so.1.2.8
7fe80dab3000-7fe80dab4000 rw-p 00019000 08:09 6034061                    /lib/x86_64-linux-gnu/libz.so.1.2.8
7fe80dab4000-7fe80dabc000 r-xp 00000000 08:09 4989970                    /usr/lib/x86_64-linux-gnu/libxcb-render.so.0.0.0
7fe80dabc000-7fe80dcbc000 ---p 00008000 08:09 4989970                    /usr/lib/x86_64-linux-gnu/libxcb-render.so.0.0.0
7fe80dcbc000-7fe80dcbd000 r--p 00008000 08:09 4989970                    /usr/lib/x86_64-linux-gnu/libxcb-render.so.0.0.0
7fe80dcbd000-7fe80dcbe000 rw-p 00009000 08:09 4989970                    /usr/lib/x86_64-linux-gnu/libxcb-render.so.0.0.0
7fe80dcbe000-7fe80dcc0000 r-xp 00000000 08:09 4989974                    /usr/lib/x86_64-linux-gnu/libxcb-shm.so.0.0.0
7fe80dcc0000-7fe80dec0000 ---p 00002000 08:09 4989974                    /usr/lib/x86_64-linux-gnu/libxcb-shm.so.0.0.0
7fe80dec0000-7fe80dec1000 r--p 00002000 08:09 4989974                    /usr/lib/x86_64-linux-gnu/libxcb-shm.so.0.0.0
7fe80dec1000-7fe80dec2000 rw-p 00003000 08:09 4989974                    /usr/lib/x86_64-linux-gnu/libxcb-shm.so.0.0.0
7fe80dec2000-7fe80dee6000 r-xp 00000000 08:09 6034012                    /lib/x86_64-linux-gnu/libpng12.so.0.54.0
7fe80dee6000-7fe80e0e5000 ---p 00024000 08:09 6034012                    /lib/x86_64-linux-gnu/libpng12.so.0.54.0
7fe80e0e5000-7fe80e0e6000 r--p 00023000 08:09 6034012                    /lib/x86_64-linux-gnu/libpng12.so.0.54.0
7fe80e0e6000-7fe80e0e7000 rw-p 00024000 08:09 6034012                    /lib/x86_64-linux-gnu/libpng12.so.0.54.0
7fe80e0e7000-7fe80e186000 r-xp 00000000 08:09 4989646                    /usr/lib/x86_64-linux-gnu/libpixman-1.so.0.33.6
7fe80e186000-7fe80e386000 ---p 0009f000 08:09 4989646                    /usr/lib/x86_64-linux-gnu/libpixman-1.so.0.33.6
7fe80e386000-7fe80e38e000 r--p 0009f000 08:09 4989646                    /usr/lib/x86_64-linux-gnu/libpixman-1.so.0.33.6
7fe80e38e000-7fe80e38f000 rw-p 000a7000 08:09 4989646                    /usr/lib/x86_64-linux-gnu/libpixman-1.so.0.33.6
7fe80e38f000-7fe80e433000 r-xp 00000000 08:09 4989138                    /usr/lib/x86_64-linux-gnu/libfreetype.so.6.12.1
7fe80e433000-7fe80e632000 ---p 000a4000 08:09 4989138                    /usr/lib/x86_64-linux-gnu/libfreetype.so.6.12.1
7fe80e632000-7fe80e638000 r--p 000a3000 08:09 4989138                    /usr/lib/x86_64-linux-gnu/libfreetype.so.6.12.1
7fe80e638000-7fe80e639000 rw-p 000a9000 08:09 4989138                    /usr/lib/x86_64-linux-gnu/libfreetype.so.6.12.1
7fe80e639000-7fe80e63b000 r-xp 00000000 08:09 4988744                    /usr/lib/x86_64-linux-gnu/libXdamage.so.1.1.0
7fe80e63b000-7fe80e83a000 ---p 00002000 08:09 4988744                    /usr/lib/x86_64-linux-gnu/libXdamage.so.1.1.0
7fe80e83a000-7fe80e83b000 r--p 00001000 08:09 4988744                    /usr/lib/x86_64-linux-gnu/libXdamage.so.1.1.0
7fe80e83b000-7fe80e83c000 rw-p 00002000 08:09 4988744                    /usr/lib/x86_64-linux-gnu/libXdamage.so.1.1.0
7fe80e83c000-7fe80e83e000 r-xp 00000000 08:09 4988740                    /usr/lib/x86_64-linux-gnu/libXcomposite.so.1.0.0
7fe80e83e000-7fe80ea3d000 ---p 00002000 08:09 4988740                    /usr/lib/x86_64-linux-gnu/libXcomposite.so.1.0.0
7fe80ea3d000-7fe80ea3e000 r--p 00001000 08:09 4988740                    /usr/lib/x86_64-linux-gnu/libXcomposite.so.1.0.0
7fe80ea3e000-7fe80ea3f000 rw-p 00002000 08:09 4988740                    /usr/lib/x86_64-linux-gnu/libXcomposite.so.1.0.0
7fe80ea3f000-7fe80ea49000 r-xp 00000000 08:09 4988766                    /usr/lib/x86_64-linux-gnu/libXrandr.so.2.2.0
7fe80ea49000-7fe80ec48000 ---p 0000a000 08:09 4988766                    /usr/lib/x86_64-linux-gnu/libXrandr.so.2.2.0
7fe80ec48000-7fe80ec49000 r--p 00009000 08:09 4988766                    /usr/lib/x86_64-linux-gnu/libXrandr.so.2.2.0
7fe80ec49000-7fe80ec4a000 rw-p 0000a000 08:09 4988766                    /usr/lib/x86_64-linux-gnu/libXrandr.so.2.2.0
7fe80ec4a000-7fe80ec4c000 r-xp 00000000 08:09 4988758                    /usr/lib/x86_64-linux-gnu/libXinerama.so.1.0.0
7fe80ec4c000-7fe80ee4b000 ---p 00002000 08:09 4988758                    /usr/lib/x86_64-linux-gnu/libXinerama.so.1.0.0
7fe80ee4b000-7fe80ee4c000 r--p 00001000 08:09 4988758                    /usr/lib/x86_64-linux-gnu/libXinerama.so.1.0.0
7fe80ee4c000-7fe80ee4d000 rw-p 00002000 08:09 4988758                    /usr/lib/x86_64-linux-gnu/libXinerama.so.1.0.0
7fe80ee4d000-7fe80ee8a000 r-xp 00000000 08:09 4989128                    /usr/lib/x86_64-linux-gnu/libfontconfig.so.1.9.0
7fe80ee8a000-7fe80f089000 ---p 0003d000 08:09 4989128                    /usr/lib/x86_64-linux-gnu/libfontconfig.so.1.9.0
7fe80f089000-7fe80f08b000 r--p 0003c000 08:09 4989128                    /usr/lib/x86_64-linux-gnu/libfontconfig.so.1.9.0
7fe80f08b000-7fe80f090000 rw-p 0003e000 08:09 4989128                    /usr/lib/x86_64-linux-gnu/libfontconfig.so.1.9.0
7fe80f090000-7fe80f19f000 r-xp 00000000 08:09 6033913                    /lib/x86_64-linux-gnu/libglib-2.0.so.0.4800.1
7fe80f19f000-7fe80f39e000 ---p 0010f000 08:09 6033913                    /lib/x86_64-linux-gnu/libglib-2.0.so.0.4800.1
7fe80f39e000-7fe80f39f000 r--p 0010e000 08:09 6033913                    /lib/x86_64-linux-gnu/libglib-2.0.so.0.4800.1
7fe80f39f000-7fe80f3a0000 rw-p 0010f000 08:09 6033913                    /lib/x86_64-linux-gnu/libglib-2.0.so.0.4800.1
7fe80f3a0000-7fe80f3a1000 rw-p 00000000 00:00 0 
7fe80f3a1000-7fe80f3f3000 r-xp 00000000 08:09 4989233                    /usr/lib/x86_64-linux-gnu/libgobject-2.0.so.0.4800.1
7fe80f3f3000-7fe80f5f2000 ---p 00052000 08:09 4989233                    /usr/lib/x86_64-linux-gnu/libgobject-2.0.so.0.4800.1
7fe80f5f2000-7fe80f5f3000 r--p 00051000 08:09 4989233                    /usr/lib/x86_64-linux-gnu/libgobject-2.0.so.0.4800.1
7fe80f5f3000-7fe80f5f4000 rw-p 00052000 08:09 4989233                    /usr/lib/x86_64-linux-gnu/libgobject-2.0.so.0.4800.1
7fe80f5f4000-7fe80f63d000 r-xp 00000000 08:09 4989611                    /usr/lib/x86_64-linux-gnu/libpango-1.0.so.0.3800.1
7fe80f63d000-7fe80f83d000 ---p 00049000 08:09 4989611                    /usr/lib/x86_64-linux-gnu/libpango-1.0.so.0.3800.1
7fe80f83d000-7fe80f83f000 r--p 00049000 08:09 4989611                    /usr/lib/x86_64-linux-gnu/libpango-1.0.so.0.3800.1
7fe80f83f000-7fe80f840000 rw-p 0004b000 08:09 4989611                    /usr/lib/x86_64-linux-gnu/libpango-1.0.so.0.3800.1
7fe80f840000-7fe80f854000 r-xp 00000000 08:09 4989615                    /usr/lib/x86_64-linux-gnu/libpangoft2-1.0.so.0.3800.1
7fe80f854000-7fe80fa54000 ---p 00014000 08:09 4989615                    /usr/lib/x86_64-linux-gnu/libpangoft2-1.0.so.0.3800.1
7fe80fa54000-7fe80fa55000 r--p 00014000 08:09 4989615                    /usr/lib/x86_64-linux-gnu/libpangoft2-1.0.so.0.3800.1
7fe80fa55000-7fe80fa56000 rw-p 00015000 08:09 4989615                    /usr/lib/x86_64-linux-gnu/libpangoft2-1.0.so.0.3800.1
7fe80fa56000-7fe80fbd6000 r-xp 00000000 08:09 4989193                    /usr/lib/x86_64-linux-gnu/libgio-2.0.so.0.4800.1
7fe80fbd6000-7fe80fdd6000 ---p 00180000 08:09 4989193                    /usr/lib/x86_64-linux-gnu/libgio-2.0.so.0.4800.1
7fe80fdd6000-7fe80fdda000 r--p 00180000 08:09 4989193                    /usr/lib/x86_64-linux-gnu/libgio-2.0.so.0.4800.1
7fe80fdda000-7fe80fddc000 rw-p 00184000 08:09 4989193                    /usr/lib/x86_64-linux-gnu/libgio-2.0.so.0.4800.1
7fe80fddc000-7fe80fdde000 rw-p 00000000 00:00 0 
7fe80fdde000-7fe80fdff000 r-xp 00000000 08:09 4980859                    /usr/lib/x86_64-linux-gnu/libgdk_pixbuf-2.0.so.0.3200.2
7fe80fdff000-7fe80fffe000 ---p 00021000 08:09 4980859                    /usr/lib/x86_64-linux-gnu/libgdk_pixbuf-2.0.so.0.3200.2
7fe80fffe000-7fe80ffff000 r--p 00020000 08:09 4980859                    /usr/lib/x86_64-linux-gnu/libgdk_pixbuf-2.0.so.0.3200.2
7fe80ffff000-7fe810000000 rw-p 00021000 08:09 4980859                    /usr/lib/x86_64-linux-gnu/libgdk_pixbuf-2.0.so.0.3200.2
7fe810000000-7fe810021000 rw-p 00000000 00:00 0 
7fe810021000-7fe814000000 ---p 00000000 00:00 0 
7fe814000000-7fe814021000 rw-p 00000000 00:00 0 
7fe814021000-7fe818000000 ---p 00000000 00:00 0 
7fe818000000-7fe818485000 rw-p 00000000 00:00 0 
7fe818485000-7fe81c000000 ---p 00000000 00:00 0 
7fe81c000000-7fe81c374000 rw-p 00000000 00:00 0 
7fe81c374000-7fe820000000 ---p 00000000 00:00 0 
7fe820000000-7fe820021000 rw-p 00000000 00:00 0 
7fe820021000-7fe824000000 ---p 00000000 00:00 0 
7fe824000000-7fe824021000 rw-p 00000000 00:00 0 
7fe824021000-7fe828000000 ---p 00000000 00:00 0 
7fe828000000-7fe8285f3000 rw-p 00000000 00:00 0 
7fe8285f3000-7fe82c000000 ---p 00000000 00:00 0 
7fe82c000000-7fe82c021000 rw-p 00000000 00:00 0 
7fe82c021000-7fe830000000 ---p 00000000 00:00 0 
7fe830000000-7fe830021000 rw-p 00000000 00:00 0 
7fe830021000-7fe834000000 ---p 00000000 00:00 0 
7fe834000000-7fe834001000 r--s 00000000 08:09 6578435                    /var/cache/fontconfig/dc05db6664285cc2f12bf69c139ae4c3-le64.cache-6
7fe834001000-7fe834003000 r--s 00000000 08:09 6578415                    /var/cache/fontconfig/6adb16404e170b9523f41c0701dd4690-le64.cache-6
7fe834003000-7fe834004000 r--s 00000000 08:09 6578410                    /var/cache/fontconfig/5d1cca7074f29429a8d18692746c2426-le64.cache-6
7fe834004000-7fe834007000 r--s 00000000 08:09 6578378                    /var/cache/fontconfig/3a9914ff62a69b32234685a84fdc926d-le64.cache-6
7fe834007000-7fe83400a000 r--s 00000000 08:09 6578362                    /var/cache/fontconfig/767a8244fc0220cfb567a839d0392e0b-le64.cache-6
7fe83400a000-7fe83400b000 r--s 00000000 08:09 6577550                    /var/cache/fontconfig/0b41ebd278d9388cf5d83f81d476c672-le64.cache-6
7fe83400b000-7fe83400c000 r--s 00000000 08:09 6577328                    /var/cache/fontconfig/4794a0821666d79190d59a36cb4f44b5-le64.cache-6
7fe83400c000-7fe834010000 r--s 00000000 08:09 6577326                    /var/cache/fontconfig/ea32c683f96734b73b6a7acf745d6442-le64.cache-6
7fe834010000-7fe834011000 r--s 00000000 08:09 6577314                    /var/cache/fontconfig/9eae20f1ff8cc0a7d125749e875856bd-le64.cache-6
7fe834011000-7fe834051000 r--s 00000000 08:09 6576418                    /var/cache/fontconfig/0bd3dc0958fa2205aaaa8ebb13e2872b-le64.cache-6
7fe834051000-7fe834054000 r--s 00000000 08:09 6576417                    /var/cache/fontconfig/bf2c1853a9e9b00bb02fe2e9bcf1e201-le64.cache-6
7fe834054000-7fe83405a000 r--s 00000000 08:09 6576416                    /var/cache/fontconfig/8801497958630a81b71ace7c5f9b32a8-le64.cache-6
7fe83405a000-7fe834095000 r--s 00000000 08:09 6557388                    /var/cache/fontconfig/365b55f210c0a22e9a19e35191240f32-le64.cache-6
7fe834095000-7fe834096000 r--s 00000000 08:09 6576413                    /var/cache/fontconfig/bab58bb527bb656aaa9f116d68a48d89-le64.cache-6
7fe834096000-7fe834097000 r--s 00000000 08:09 6576412                    /var/cache/fontconfig/b036df7bbb72844893df6bcf5570ea7f-le64.cache-6
7fe834097000-7fe834098000 r--s 00000000 08:09 6576411                    /var/cache/fontconfig/575107dd7452b4b2b2b1361909925bb4-le64.cache-6
7fe834098000-7fe83409f000 r--s 00000000 08:09 6576408                    /var/cache/fontconfig/3047814df9a2f067bd2d96a2b9c36e5a-le64.cache-6
7fe83409f000-7fe8340a7000 r--s 00000000 08:09 6576402                    /var/cache/fontconfig/bf3b770c553c462765856025a94f1ce6-le64.cache-6
7fe8340a7000-7fe8340a8000 r--s 00000000 08:09 6576396                    /var/cache/fontconfig/56cf4f4769d0f4abc89a4895d7bd3ae1-le64.cache-6
7fe8340a8000-7fe8340a9000 r--s 00000000 08:09 6576395                    /var/cache/fontconfig/b9d506c9ac06c20b433354fa67a72993-le64.cache-6
7fe8340a9000-7fe8340af000 r--s 00000000 08:09 6576394                    /var/cache/fontconfig/b47c4e1ecd0709278f4910c18777a504-le64.cache-6
7fe8340af000-7fe8340b2000 r--s 00000000 08:09 6576393                    /var/cache/fontconfig/14d493b97896515cad3840ba4896e372-le64.cache-6
7fe8340b2000-7fe8340b3000 r--s 00000000 08:09 6576392                    /var/cache/fontconfig/0b3f2427388044a01a5738fa4b8cc9d1-le64.cache-6
7fe8340b3000-7fe8340b4000 r--s 00000000 08:09 6576382                    /var/cache/fontconfig/0941b6d3777f1e64883d36fd6d84a52f-le64.cache-6
7fe8340b4000-7fe8340bc000 r--s 00000000 08:09 6582343                    /var/cache/fontconfig/52f7bdb7ce746bfd7eaa1985bd9cfa93-le64.cache-6
7fe8340bc000-7fe8340bf000 r--s 00000000 08:09 6576379                    /var/cache/fontconfig/e49e89034d371f0f9de17aab02136486-le64.cache-6
7fe8340bf000-7fe8340c1000 r--s 00000000 08:09 6576378                    /var/cache/fontconfig/4b14b093aebc79c320de5e86ae1d3314-le64.cache-6
7fe8340c1000-7fe8340c2000 r--s 00000000 08:09 6576377                    /var/cache/fontconfig/8aec10f4cc8391dcef22ca549f1e4354-le64.cache-6
7fe8340c2000-7fe8340d5000 r--s 00000000 08:09 6576376                    /var/cache/fontconfig/d52a8644073d54c13679302ca1180695-le64.cache-6
7fe8340d5000-7fe8340d6000 r--s 00000000 08:09 6576375                    /var/cache/fontconfig/551ecf3b0e8b0bca0f25c0944f561853-le64.cache-6
7fe8340d6000-7fe8340d7000 r--s 00000000 08:09 6576374                    /var/cache/fontconfig/8a687c406b77f27d99abfeeba937fcce-le64.cache-6
7fe8340d7000-7fe8340dc000 r--s 00000000 08:09 6576373                    /var/cache/fontconfig/75ad6aa2358a85f0de2c8ee4837e8227-le64.cache-6
7fe8340dc000-7fe8340dd000 r--s 00000000 08:09 6576372                    /var/cache/fontconfig/ac2cf712d852da827a87a9baf682f5b9-le64.cache-6
7fe8340dd000-7fe8340df000 r--s 00000000 08:09 6576371                    /var/cache/fontconfig/65f976e5259cbe6dc7697b8648396239-le64.cache-6
7fe8340df000-7fe8340ea000 r--s 00000000 08:09 6576370                    /var/cache/fontconfig/d589a48862398ed80a3d6066f4f56f4c-le64.cache-6
7fe8340ea000-7fe8340ec000 r--s 00000000 08:09 6576369                    /var/cache/fontconfig/e8d703157d3641d20c7e900be2e8d091-le64.cache-6
7fe8340ec000-7fe8340f1000 r--s 00000000 08:09 6576367                    /var/cache/fontconfig/b25010134a2e462c779c1c1d5ccbff7b-le64.cache-6
7fe8340f1000-7fe8341ff000 r-xp 00000000 08:09 4988902                    /usr/lib/x86_64-linux-gnu/libcairo.so.2.11400.6
7fe8341ff000-7fe8343ff000 ---p 0010e000 08:09 4988902                    /usr/lib/x86_64-linux-gnu/libcairo.so.2.11400.6
7fe8343ff000-7fe834402000 r--p 0010e000 08:09 4988902                    /usr/lib/x86_64-linux-gnu/libcairo.so.2.11400.6
7fe834402000-7fe834403000 rw-p 00111000 08:09 4988902                    /usr/lib/x86_64-linux-gnu/libcairo.so.2.11400.6
7fe834403000-7fe834405000 rw-p 00000000 00:00 0 
7fe834405000-7fe834427000 r-xp 00000000 08:09 4988831                    /usr/lib/x86_64-linux-gnu/libatk-1.0.so.0.21809.1
7fe834427000-7fe834626000 ---p 00022000 08:09 4988831                    /usr/lib/x86_64-linux-gnu/libatk-1.0.so.0.21809.1
7fe834626000-7fe834629000 r--p 00021000 08:09 4988831                    /usr/lib/x86_64-linux-gnu/libatk-1.0.so.0.21809.1
7fe834629000-7fe83462a000 rw-p 00024000 08:09 4988831                    /usr/lib/x86_64-linux-gnu/libatk-1.0.so.0.21809.1
7fe83462a000-7fe834636000 r-xp 00000000 08:09 4989613                    /usr/lib/x86_64-linux-gnu/libpangocairo-1.0.so.0.3800.1
7fe834636000-7fe834835000 ---p 0000c000 08:09 4989613                    /usr/lib/x86_64-linux-gnu/libpangocairo-1.0.so.0.3800.1
7fe834835000-7fe834836000 r--p 0000b000 08:09 4989613                    /usr/lib/x86_64-linux-gnu/libpangocairo-1.0.so.0.3800.1
7fe834836000-7fe834837000 rw-p 0000c000 08:09 4989613                    /usr/lib/x86_64-linux-gnu/libpangocairo-1.0.so.0.3800.1
7fe834837000-7fe83483a000 r-xp 00000000 08:09 4989209                    /usr/lib/x86_64-linux-gnu/libgmodule-2.0.so.0.4800.1
7fe83483a000-7fe834a39000 ---p 00003000 08:09 4989209                    /usr/lib/x86_64-linux-gnu/libgmodule-2.0.so.0.4800.1
7fe834a39000-7fe834a3a000 r--p 00002000 08:09 4989209                    /usr/lib/x86_64-linux-gnu/libgmodule-2.0.so.0.4800.1
7fe834a3a000-7fe834a3b000 rw-p 00003000 08:09 4989209                    /usr/lib/x86_64-linux-gnu/libgmodule-2.0.so.0.4800.1
7fe834a3b000-7fe834aeb000 r-xp 00000000 08:09 4989167                    /usr/lib/x86_64-linux-gnu/libgdk-x11-2.0.so.0.2400.30
7fe834aeb000-7fe834cea000 ---p 000b0000 08:09 4989167                    /usr/lib/x86_64-linux-gnu/libgdk-x11-2.0.so.0.2400.30
7fe834cea000-7fe834cee000 r--p 000af000 08:09 4989167                    /usr/lib/x86_64-linux-gnu/libgdk-x11-2.0.so.0.2400.30
7fe834cee000-7fe834cf0000 rw-p 000b3000 08:09 4989167                    /usr/lib/x86_64-linux-gnu/libgdk-x11-2.0.so.0.2400.30
7fe834cf0000-7fe83512e000 r-xp 00000000 08:09 4989309                    /usr/lib/x86_64-linux-gnu/libgtk-x11-2.0.so.0.2400.30
7fe83512e000-7fe83532d000 ---p 0043e000 08:09 4989309                    /usr/lib/x86_64-linux-gnu/libgtk-x11-2.0.so.0.2400.30
7fe83532d000-7fe835334000 r--p 0043d000 08:09 4989309                    /usr/lib/x86_64-linux-gnu/libgtk-x11-2.0.so.0.2400.30
7fe835334000-7fe835338000 rw-p 00444000 08:09 4989309                    /usr/lib/x86_64-linux-gnu/libgtk-x11-2.0.so.0.2400.30
7fe835338000-7fe83533b000 rw-p 00000000 00:00 0 
7fe83533b000-7fe83533e000 ---p 00000000 00:00 0 
7fe83533e000-7fe83543c000 rw-p 00000000 00:00 0 
7fe83543c000-7fe835441000 r-xp 00000000 08:09 4988750                    /usr/lib/x86_64-linux-gnu/libXfixes.so.3.1.0
7fe835441000-7fe835640000 ---p 00005000 08:09 4988750                    /usr/lib/x86_64-linux-gnu/libXfixes.so.3.1.0
7fe835640000-7fe835641000 r--p 00004000 08:09 4988750                    /usr/lib/x86_64-linux-gnu/libXfixes.so.3.1.0
7fe835641000-7fe835642000 rw-p 00005000 08:09 4988750                    /usr/lib/x86_64-linux-gnu/libXfixes.so.3.1.0
7fe835642000-7fe83564b000 r-xp 00000000 08:09 4988742                    /usr/lib/x86_64-linux-gnu/libXcursor.so.1.0.2
7fe83564b000-7fe83584a000 ---p 00009000 08:09 4988742                    /usr/lib/x86_64-linux-gnu/libXcursor.so.1.0.2
7fe83584a000-7fe83584b000 r--p 00008000 08:09 4988742                    /usr/lib/x86_64-linux-gnu/libXcursor.so.1.0.2
7fe83584b000-7fe83584c000 rw-p 00009000 08:09 4988742                    /usr/lib/x86_64-linux-gnu/libXcursor.so.1.0.2
7fe83584c000-7fe835862000 r-xp 00000000 08:09 6033909                    /lib/x86_64-linux-gnu/libgcc_s.so.1
7fe835862000-7fe835a61000 ---p 00016000 08:09 6033909                    /lib/x86_64-linux-gnu/libgcc_s.so.1
7fe835a61000-7fe835a62000 rw-p 00015000 08:09 6033909                    /lib/x86_64-linux-gnu/libgcc_s.so.1
7fe835a62000-7fe835ac7000 r-xp 00000000 08:09 5119226                    /usr/lib/jvm/java-8-oracle/jre/lib/amd64/libfontmanager.so
7fe835ac7000-7fe835cc6000 ---p 00065000 08:09 5119226                    /usr/lib/jvm/java-8-oracle/jre/lib/amd64/libfontmanager.so
7fe835cc6000-7fe835ccb000 rw-p 00064000 08:09 5119226                    /usr/lib/jvm/java-8-oracle/jre/lib/amd64/libfontmanager.so
7fe835ccb000-7fe835cdb000 rw-p 00000000 00:00 0 
7fe835cdb000-7fe835ce0000 r-xp 00000000 08:09 4988746                    /usr/lib/x86_64-linux-gnu/libXdmcp.so.6.0.0
7fe835ce0000-7fe835edf000 ---p 00005000 08:09 4988746                    /usr/lib/x86_64-linux-gnu/libXdmcp.so.6.0.0
7fe835edf000-7fe835ee0000 r--p 00004000 08:09 4988746                    /usr/lib/x86_64-linux-gnu/libXdmcp.so.6.0.0
7fe835ee0000-7fe835ee1000 rw-p 00005000 08:09 4988746                    /usr/lib/x86_64-linux-gnu/libXdmcp.so.6.0.0
7fe835ee1000-7fe835ee3000 r-xp 00000000 08:09 4988735                    /usr/lib/x86_64-linux-gnu/libXau.so.6.0.0
7fe835ee3000-7fe8360e3000 ---p 00002000 08:09 4988735                    /usr/lib/x86_64-linux-gnu/libXau.so.6.0.0
7fe8360e3000-7fe8360e4000 r--p 00002000 08:09 4988735                    /usr/lib/x86_64-linux-gnu/libXau.so.6.0.0
7fe8360e4000-7fe8360e5000 rw-p 00003000 08:09 4988735                    /usr/lib/x86_64-linux-gnu/libXau.so.6.0.0
7fe8360e5000-7fe836106000 r-xp 00000000 08:09 4989984                    /usr/lib/x86_64-linux-gnu/libxcb.so.1.1.0
7fe836106000-7fe836305000 ---p 00021000 08:09 4989984                    /usr/lib/x86_64-linux-gnu/libxcb.so.1.1.0
7fe836305000-7fe836306000 r--p 00020000 08:09 4989984                    /usr/lib/x86_64-linux-gnu/libxcb.so.1.1.0
7fe836306000-7fe836307000 rw-p 00021000 08:09 4989984                    /usr/lib/x86_64-linux-gnu/libxcb.so.1.1.0
7fe836307000-7fe836316000 r-xp 00000000 08:09 4988756                    /usr/lib/x86_64-linux-gnu/libXi.so.6.1.0
7fe836316000-7fe836515000 ---p 0000f000 08:09 4988756                    /usr/lib/x86_64-linux-gnu/libXi.so.6.1.0
7fe836515000-7fe836516000 r--p 0000e000 08:09 4988756                    /usr/lib/x86_64-linux-gnu/libXi.so.6.1.0
7fe836516000-7fe836517000 rw-p 0000f000 08:09 4988756                    /usr/lib/x86_64-linux-gnu/libXi.so.6.1.0
7fe836517000-7fe838000000 r--p 00000000 08:09 4986097                    /usr/lib/locale/locale-archive
7fe838000000-7fe838021000 rw-p 00000000 00:00 0 
7fe838021000-7fe83c000000 ---p 00000000 00:00 0 
7fe83c000000-7fe83c021000 rw-p 00000000 00:00 0 
7fe83c021000-7fe840000000 ---p 00000000 00:00 0 
7fe840000000-7fe840021000 rw-p 00000000 00:00 0 
7fe840021000-7fe844000000 ---p 00000000 00:00 0 
7fe844000000-7fe844021000 rw-p 00000000 00:00 0 
7fe844021000-7fe848000000 ---p 00000000 00:00 0 
7fe848000000-7fe848021000 rw-p 00000000 00:00 0 
7fe848021000-7fe84c000000 ---p 00000000 00:00 0 
7fe84c000000-7fe84c004000 r--s 00000000 08:09 6576368                    /var/cache/fontconfig/246184dc75a16901ca37d96895904249-le64.cache-6
7fe84c004000-7fe84c005000 r--s 00000000 08:09 6576366                    /var/cache/fontconfig/94f7fe9bd33aadfac165873bd010d595-le64.cache-6
7fe84c005000-7fe84c007000 r--s 00000000 08:09 6576365                    /var/cache/fontconfig/423767150eb258c59035de29db6fca84-le64.cache-6
7fe84c007000-7fe84c009000 r--s 00000000 08:09 6576364                    /var/cache/fontconfig/6a6dfed4a7d1e4367ef225093de82110-le64.cache-6
7fe84c009000-7fe84c00a000 r--s 00000000 08:09 6576363                    /var/cache/fontconfig/845c20fd2c4814bcec78e05d37a63ccc-le64.cache-6
7fe84c00a000-7fe84c00b000 r--s 00000000 08:09 6576360                    /var/cache/fontconfig/e7de81b01590fb7e12b38e274e17d0db-le64.cache-6
7fe84c00b000-7fe84c00c000 r--s 00000000 08:09 6576359                    /var/cache/fontconfig/406a1d2d2bf3ed7664fbadefac0b2f66-le64.cache-6
7fe84c00c000-7fe84c00e000 r--s 00000000 08:09 6576357                    /var/cache/fontconfig/67709b7835c0f764c1135060c9575660-le64.cache-6
7fe84c00e000-7fe84c00f000 r--s 00000000 08:09 6576356                    /var/cache/fontconfig/30829fa25452a46451e813d634d7f916-le64.cache-6
7fe84c00f000-7fe84c01d000 r--s 00000000 08:09 6576355                    /var/cache/fontconfig/198d8fcf01c96d0cf813f74fd759bdb7-le64.cache-6
7fe84c01d000-7fe84c020000 r--s 00000000 08:09 6576332                    /var/cache/fontconfig/75114ca45c98e8a441da0ff356701271-le64.cache-6
7fe84c020000-7fe84c02b000 r--s 00000000 08:09 6576331                    /var/cache/fontconfig/83bf95040141907cd45bb53cf7c1c148-le64.cache-6
7fe84c02b000-7fe84c02f000 r--s 00000000 08:09 6576330                    /var/cache/fontconfig/0843ca893a93b5446bad221815920e23-le64.cache-6
7fe84c02f000-7fe84c041000 r--s 00000000 08:09 6575971                    /var/cache/fontconfig/9b89f8e3dae116d678bbf48e5f21f69b-le64.cache-6
7fe84c041000-7fe84c044000 r--s 00000000 08:09 6575969                    /var/cache/fontconfig/b2d60264172c9fafc2f82e9237d8d959-le64.cache-6
7fe84c044000-7fe84c046000 r--s 00000000 08:09 6575968                    /var/cache/fontconfig/6e6b34ae150a7ad95e82fb4a522f0bda-le64.cache-6
7fe84c046000-7fe84c04d000 r--s 00000000 08:09 6575961                    /var/cache/fontconfig/53d14c92082a93e67d5078324eb314ca-le64.cache-6
7fe84c04d000-7fe84c051000 r--s 00000000 08:09 6575944                    /var/cache/fontconfig/6c08beecf0dac481ec92e759e0c2e6d7-le64.cache-6
7fe84c051000-7fe84c055000 r--s 00000000 08:09 6575919                    /var/cache/fontconfig/4d6aee6d44eccb37054d3216e945f618-le64.cache-6
7fe84c055000-7fe84c059000 r--s 00000000 08:09 6575910                    /var/cache/fontconfig/d6c6df98c3df5faf9bd0f8ef4d91efe5-le64.cache-6
7fe84c059000-7fe84c05d000 r--s 00000000 08:09 6575882                    /var/cache/fontconfig/9fb319ef52839f11ee26ab8b4cffa12b-le64.cache-6
7fe84c05d000-7fe84c070000 r--s 00000000 08:09 6575880                    /var/cache/fontconfig/4ac51e5cfbc76fc3f983e470323a16d3-le64.cache-6
7fe84c070000-7fe84c073000 r--s 00000000 08:09 6575878                    /var/cache/fontconfig/c19b55eb3b4c5b40ea175e31682068a5-le64.cache-6
7fe84c073000-7fe84c077000 r--s 00000000 08:09 6575848                    /var/cache/fontconfig/3629f2adf904f9a612908891fae71ceb-le64.cache-6
7fe84c077000-7fe84c07a000 r--s 00000000 08:09 6557913                    /var/cache/fontconfig/de83a0a961185c8bd1f159015d56c039-le64.cache-6
7fe84c07a000-7fe84c09a000 r--s 00000000 08:09 6559218                    /var/cache/fontconfig/e13b20fdb08344e0e664864cc2ede53d-le64.cache-6
7fe84c09a000-7fe84c0a7000 r--s 00000000 08:09 6578453                    /var/cache/fontconfig/8f02d4cb045bd6ce15663e43f347c9f8-le64.cache-6
7fe84c0a7000-7fe84c0aa000 ---p 00000000 00:00 0 
7fe84c0aa000-7fe84c1a8000 rw-p 00000000 00:00 0 
7fe84c1a8000-7fe84c1ad000 r-xp 00000000 08:09 4988774                    /usr/lib/x86_64-linux-gnu/libXtst.so.6.1.0
7fe84c1ad000-7fe84c3ac000 ---p 00005000 08:09 4988774                    /usr/lib/x86_64-linux-gnu/libXtst.so.6.1.0
7fe84c3ac000-7fe84c3ad000 r--p 00004000 08:09 4988774                    /usr/lib/x86_64-linux-gnu/libXtst.so.6.1.0
7fe84c3ad000-7fe84c3ae000 rw-p 00005000 08:09 4988774                    /usr/lib/x86_64-linux-gnu/libXtst.so.6.1.0
7fe84c3ae000-7fe84c3b7000 r-xp 00000000 08:09 4988768                    /usr/lib/x86_64-linux-gnu/libXrender.so.1.3.0
7fe84c3b7000-7fe84c5b6000 ---p 00009000 08:09 4988768                    /usr/lib/x86_64-linux-gnu/libXrender.so.1.3.0
7fe84c5b6000-7fe84c5b7000 r--p 00008000 08:09 4988768                    /usr/lib/x86_64-linux-gnu/libXrender.so.1.3.0
7fe84c5b7000-7fe84c5b8000 rw-p 00009000 08:09 4988768                    /usr/lib/x86_64-linux-gnu/libXrender.so.1.3.0
7fe84c5b8000-7fe84c6ed000 r-xp 00000000 08:09 4988731                    /usr/lib/x86_64-linux-gnu/libX11.so.6.3.0
7fe84c6ed000-7fe84c8ed000 ---p 00135000 08:09 4988731                    /usr/lib/x86_64-linux-gnu/libX11.so.6.3.0
7fe84c8ed000-7fe84c8ee000 r--p 00135000 08:09 4988731                    /usr/lib/x86_64-linux-gnu/libX11.so.6.3.0
7fe84c8ee000-7fe84c8f2000 rw-p 00136000 08:09 4988731                    /usr/lib/x86_64-linux-gnu/libX11.so.6.3.0
7fe84c8f2000-7fe84c903000 r-xp 00000000 08:09 4988748                    /usr/lib/x86_64-linux-gnu/libXext.so.6.4.0
7fe84c903000-7fe84cb02000 ---p 00011000 08:09 4988748                    /usr/lib/x86_64-linux-gnu/libXext.so.6.4.0
7fe84cb02000-7fe84cb03000 r--p 00010000 08:09 4988748                    /usr/lib/x86_64-linux-gnu/libXext.so.6.4.0
7fe84cb03000-7fe84cb04000 rw-p 00011000 08:09 4988748                    /usr/lib/x86_64-linux-gnu/libXext.so.6.4.0
7fe84cb04000-7fe84cb58000 r-xp 00000000 08:09 5119234                    /usr/lib/jvm/java-8-oracle/jre/lib/amd64/libawt_xawt.so
7fe84cb58000-7fe84cd58000 ---p 00054000 08:09 5119234                    /usr/lib/jvm/java-8-oracle/jre/lib/amd64/libawt_xawt.so
7fe84cd58000-7fe84cd5c000 rw-p 00054000 08:09 5119234                    /usr/lib/jvm/java-8-oracle/jre/lib/amd64/libawt_xawt.so
7fe84cd5c000-7fe84cd5d000 rw-p 00000000 00:00 0 
7fe84cd5d000-7fe84cdff000 r-xp 00000000 08:09 5119266                    /usr/lib/jvm/java-8-oracle/jre/lib/amd64/libawt.so
7fe84cdff000-7fe84cfff000 ---p 000a2000 08:09 5119266                    /usr/lib/jvm/java-8-oracle/jre/lib/amd64/libawt.so
7fe84cfff000-7fe84d00b000 rw-p 000a2000 08:09 5119266                    /usr/lib/jvm/java-8-oracle/jre/lib/amd64/libawt.so
7fe84d00b000-7fe84d02f000 rw-p 00000000 00:00 0 
7fe84d02f000-7fe84d030000 ---p 00000000 00:00 0 
7fe84d030000-7fe84d130000 rw-p 00000000 00:00 0 
7fe84d130000-7fe84d133000 ---p 00000000 00:00 0 
7fe84d133000-7fe84d231000 rw-p 00000000 00:00 0 
7fe84d231000-7fe84d234000 ---p 00000000 00:00 0 
7fe84d234000-7fe84d332000 rw-p 00000000 00:00 0 
7fe84d332000-7fe84d335000 ---p 00000000 00:00 0 
7fe84d335000-7fe84d433000 rw-p 00000000 00:00 0 
7fe84d433000-7fe84d436000 ---p 00000000 00:00 0 
7fe84d436000-7fe84d534000 rw-p 00000000 00:00 0 
7fe84d534000-7fe84d537000 ---p 00000000 00:00 0 
7fe84d537000-7fe84d635000 rw-p 00000000 00:00 0 
7fe84d635000-7fe84d638000 ---p 00000000 00:00 0 
7fe84d638000-7fe84d736000 rw-p 00000000 00:00 0 
7fe84d736000-7fe84d739000 ---p 00000000 00:00 0 
7fe84d739000-7fe84d837000 rw-p 00000000 00:00 0 
7fe84d837000-7fe84d838000 ---p 00000000 00:00 0 
7fe84d838000-7fe84e847000 rw-p 00000000 00:00 0 
7fe84e847000-7fe84ea20000 r--s 03d29000 08:09 4994593                    /usr/lib/jvm/java-8-oracle/jre/lib/rt.jar
7fe84ea20000-7fe851000000 rw-p 00000000 00:00 0 
7fe851000000-7fe8513c0000 rwxp 00000000 00:00 0 
7fe8513c0000-7fe860000000 ---p 00000000 00:00 0 
7fe860000000-7fe8605a4000 rw-p 00000000 00:00 0 
7fe8605a4000-7fe864000000 ---p 00000000 00:00 0 
7fe864000000-7fe864001000 r--s 00000000 08:09 6576354                    /var/cache/fontconfig/0c9eb80ebd1c36541ebe2852d3bb0c49-le64.cache-6
7fe864001000-7fe864002000 r--s 00000000 08:09 6575967                    /var/cache/fontconfig/3334a778d104e76d188e9df399bc24d2-le64.cache-6
7fe864002000-7fe864007000 r--s 00000000 08:09 6562004                    /var/cache/fontconfig/7ef2298fde41cc6eeb7af42e48b7d293-le64.cache-6
7fe864007000-7fe864028000 r--s 00000000 08:09 6578451                    /var/cache/fontconfig/467c019e582ee353435ea5c21d137ef6-le64.cache-6
7fe864028000-7fe864321000 rw-p 00000000 00:00 0 
7fe864321000-7fe864322000 ---p 00000000 00:00 0 
7fe864322000-7fe864422000 rw-p 00000000 00:00 0 
7fe864422000-7fe864423000 ---p 00000000 00:00 0 
7fe864423000-7fe864523000 rw-p 00000000 00:00 0 
7fe864523000-7fe864524000 ---p 00000000 00:00 0 
7fe864524000-7fe864624000 rw-p 00000000 00:00 0 
7fe864624000-7fe864625000 ---p 00000000 00:00 0 
7fe864625000-7fe864739000 rw-p 00000000 00:00 0 
7fe864739000-7fe864864000 ---p 00000000 00:00 0 
7fe864864000-7fe864878000 rw-p 00000000 00:00 0 
7fe864878000-7fe8649a2000 ---p 00000000 00:00 0 
7fe8649a2000-7fe8649b5000 rw-p 00000000 00:00 0 
7fe8649b5000-7fe864a42000 ---p 00000000 00:00 0 
7fe864a42000-7fe864a52000 rw-p 00000000 00:00 0 
7fe864a52000-7fe864e03000 ---p 00000000 00:00 0 
7fe864e03000-7fe864e1d000 r-xp 00000000 08:09 5119230                    /usr/lib/jvm/java-8-oracle/jre/lib/amd64/libzip.so
7fe864e1d000-7fe86501d000 ---p 0001a000 08:09 5119230                    /usr/lib/jvm/java-8-oracle/jre/lib/amd64/libzip.so
7fe86501d000-7fe86501e000 rw-p 0001a000 08:09 5119230                    /usr/lib/jvm/java-8-oracle/jre/lib/amd64/libzip.so
7fe86501e000-7fe865029000 r-xp 00000000 08:09 6033970                    /lib/x86_64-linux-gnu/libnss_files-2.23.so
7fe865029000-7fe865228000 ---p 0000b000 08:09 6033970                    /lib/x86_64-linux-gnu/libnss_files-2.23.so
7fe865228000-7fe865229000 r--p 0000a000 08:09 6033970                    /lib/x86_64-linux-gnu/libnss_files-2.23.so
7fe865229000-7fe86522a000 rw-p 0000b000 08:09 6033970                    /lib/x86_64-linux-gnu/libnss_files-2.23.so
7fe86522a000-7fe865230000 rw-p 00000000 00:00 0 
7fe865230000-7fe86523b000 r-xp 00000000 08:09 6033980                    /lib/x86_64-linux-gnu/libnss_nis-2.23.so
7fe86523b000-7fe86543a000 ---p 0000b000 08:09 6033980                    /lib/x86_64-linux-gnu/libnss_nis-2.23.so
7fe86543a000-7fe86543b000 r--p 0000a000 08:09 6033980                    /lib/x86_64-linux-gnu/libnss_nis-2.23.so
7fe86543b000-7fe86543c000 rw-p 0000b000 08:09 6033980                    /lib/x86_64-linux-gnu/libnss_nis-2.23.so
7fe86543c000-7fe865452000 r-xp 00000000 08:09 6033964                    /lib/x86_64-linux-gnu/libnsl-2.23.so
7fe865452000-7fe865651000 ---p 00016000 08:09 6033964                    /lib/x86_64-linux-gnu/libnsl-2.23.so
7fe865651000-7fe865652000 r--p 00015000 08:09 6033964                    /lib/x86_64-linux-gnu/libnsl-2.23.so
7fe865652000-7fe865653000 rw-p 00016000 08:09 6033964                    /lib/x86_64-linux-gnu/libnsl-2.23.so
7fe865653000-7fe865655000 rw-p 00000000 00:00 0 
7fe865655000-7fe86565d000 r-xp 00000000 08:09 6033966                    /lib/x86_64-linux-gnu/libnss_compat-2.23.so
7fe86565d000-7fe86585c000 ---p 00008000 08:09 6033966                    /lib/x86_64-linux-gnu/libnss_compat-2.23.so
7fe86585c000-7fe86585d000 r--p 00007000 08:09 6033966                    /lib/x86_64-linux-gnu/libnss_compat-2.23.so
7fe86585d000-7fe86585e000 rw-p 00008000 08:09 6033966                    /lib/x86_64-linux-gnu/libnss_compat-2.23.so
7fe86585e000-7fe865888000 r-xp 00000000 08:09 5119256                    /usr/lib/jvm/java-8-oracle/jre/lib/amd64/libjava.so
7fe865888000-7fe865a88000 ---p 0002a000 08:09 5119256                    /usr/lib/jvm/java-8-oracle/jre/lib/amd64/libjava.so
7fe865a88000-7fe865a8a000 rw-p 0002a000 08:09 5119256                    /usr/lib/jvm/java-8-oracle/jre/lib/amd64/libjava.so
7fe865a8a000-7fe865a97000 r-xp 00000000 08:09 5119210                    /usr/lib/jvm/java-8-oracle/jre/lib/amd64/libverify.so
7fe865a97000-7fe865c97000 ---p 0000d000 08:09 5119210                    /usr/lib/jvm/java-8-oracle/jre/lib/amd64/libverify.so
7fe865c97000-7fe865c99000 rw-p 0000d000 08:09 5119210                    /usr/lib/jvm/java-8-oracle/jre/lib/amd64/libverify.so
7fe865c99000-7fe865ca0000 r-xp 00000000 08:09 6034025                    /lib/x86_64-linux-gnu/librt-2.23.so
7fe865ca0000-7fe865e9f000 ---p 00007000 08:09 6034025                    /lib/x86_64-linux-gnu/librt-2.23.so
7fe865e9f000-7fe865ea0000 r--p 00006000 08:09 6034025                    /lib/x86_64-linux-gnu/librt-2.23.so
7fe865ea0000-7fe865ea1000 rw-p 00007000 08:09 6034025                    /lib/x86_64-linux-gnu/librt-2.23.so
7fe865ea1000-7fe865fa9000 r-xp 00000000 08:09 6033941                    /lib/x86_64-linux-gnu/libm-2.23.so
7fe865fa9000-7fe8661a8000 ---p 00108000 08:09 6033941                    /lib/x86_64-linux-gnu/libm-2.23.so
7fe8661a8000-7fe8661a9000 r--p 00107000 08:09 6033941                    /lib/x86_64-linux-gnu/libm-2.23.so
7fe8661a9000-7fe8661aa000 rw-p 00108000 08:09 6033941                    /lib/x86_64-linux-gnu/libm-2.23.so
7fe8661aa000-7fe866e75000 r-xp 00000000 08:09 5119260                    /usr/lib/jvm/java-8-oracle/jre/lib/amd64/server/libjvm.so
7fe866e75000-7fe867074000 ---p 00ccb000 08:09 5119260                    /usr/lib/jvm/java-8-oracle/jre/lib/amd64/server/libjvm.so
7fe867074000-7fe86714d000 rw-p 00cca000 08:09 5119260                    /usr/lib/jvm/java-8-oracle/jre/lib/amd64/server/libjvm.so
7fe86714d000-7fe867198000 rw-p 00000000 00:00 0 
7fe867198000-7fe867358000 r-xp 00000000 08:09 6033871                    /lib/x86_64-linux-gnu/libc-2.23.so
7fe867358000-7fe867557000 ---p 001c0000 08:09 6033871                    /lib/x86_64-linux-gnu/libc-2.23.so
7fe867557000-7fe86755b000 r--p 001bf000 08:09 6033871                    /lib/x86_64-linux-gnu/libc-2.23.so
7fe86755b000-7fe86755d000 rw-p 001c3000 08:09 6033871                    /lib/x86_64-linux-gnu/libc-2.23.so
7fe86755d000-7fe867561000 rw-p 00000000 00:00 0 
7fe867561000-7fe867564000 r-xp 00000000 08:09 6033895                    /lib/x86_64-linux-gnu/libdl-2.23.so
7fe867564000-7fe867763000 ---p 00003000 08:09 6033895                    /lib/x86_64-linux-gnu/libdl-2.23.so
7fe867763000-7fe867764000 r--p 00002000 08:09 6033895                    /lib/x86_64-linux-gnu/libdl-2.23.so
7fe867764000-7fe867765000 rw-p 00003000 08:09 6033895                    /lib/x86_64-linux-gnu/libdl-2.23.so
7fe867765000-7fe86777a000 r-xp 00000000 08:09 4993763                    /usr/lib/jvm/java-8-oracle/lib/amd64/jli/libjli.so
7fe86777a000-7fe86797a000 ---p 00015000 08:09 4993763                    /usr/lib/jvm/java-8-oracle/lib/amd64/jli/libjli.so
7fe86797a000-7fe86797b000 rw-p 00015000 08:09 4993763                    /usr/lib/jvm/java-8-oracle/lib/amd64/jli/libjli.so
7fe86797b000-7fe867993000 r-xp 00000000 08:09 6034017                    /lib/x86_64-linux-gnu/libpthread-2.23.so
7fe867993000-7fe867b92000 ---p 00018000 08:09 6034017                    /lib/x86_64-linux-gnu/libpthread-2.23.so
7fe867b92000-7fe867b93000 r--p 00017000 08:09 6034017                    /lib/x86_64-linux-gnu/libpthread-2.23.so
7fe867b93000-7fe867b94000 rw-p 00018000 08:09 6034017                    /lib/x86_64-linux-gnu/libpthread-2.23.so
7fe867b94000-7fe867b98000 rw-p 00000000 00:00 0 
7fe867b98000-7fe867bbe000 r-xp 00000000 08:09 6033843                    /lib/x86_64-linux-gnu/ld-2.23.so
7fe867bbe000-7fe867bc0000 r--s 00000000 08:09 6575881                    /var/cache/fontconfig/43bfe21a9e1edebcf703d79ee2950b06-le64.cache-6
7fe867bc0000-7fe867bc2000 r--s 00000000 08:09 6578454                    /var/cache/fontconfig/16326683038b281783a0ef8c680e3a10-le64.cache-6
7fe867bc2000-7fe867c94000 rw-p 00000000 00:00 0 
7fe867c94000-7fe867c97000 ---p 00000000 00:00 0 
7fe867c97000-7fe867d99000 rw-p 00000000 00:00 0 
7fe867d99000-7fe867d9a000 r--s 00000000 08:09 6575857                    /var/cache/fontconfig/c277e94e32b20404286a1ddafa5a80f0-le64.cache-6
7fe867d9a000-7fe867d9b000 r--s 00000000 08:09 6578452                    /var/cache/fontconfig/e0aa53bcfa504e64f87823c16bc01eb6-le64.cache-6
7fe867d9b000-7fe867d9c000 r--s 00000000 08:09 6562120                    /var/cache/fontconfig/92a33395bd895ba35b783e561ad156e6-le64.cache-6
7fe867d9c000-7fe867d9e000 r--s 0000d000 08:09 5251665                    /usr/share/java/RXTXcomm-2.2pre2.jar
7fe867d9e000-7fe867db1000 rw-p 00000000 00:00 0 
7fe867db1000-7fe867db9000 rw-s 00000000 08:09 7609750                    /tmp/hsperfdata_romanelli/14442
7fe867db9000-7fe867dba000 rw-p 00000000 00:00 0 
7fe867dba000-7fe867dbb000 r--p 00000000 00:00 0 
7fe867dbb000-7fe867dbd000 rw-p 00000000 00:00 0 
7fe867dbd000-7fe867dbe000 r--p 00025000 08:09 6033843                    /lib/x86_64-linux-gnu/ld-2.23.so
7fe867dbe000-7fe867dbf000 rw-p 00026000 08:09 6033843                    /lib/x86_64-linux-gnu/ld-2.23.so
7fe867dbf000-7fe867dc0000 rw-p 00000000 00:00 0 
7fff9adf9000-7fff9ae1a000 rw-p 00000000 00:00 0                          [stack]
7fff9af18000-7fff9af1a000 r--p 00000000 00:00 0                          [vvar]
7fff9af1a000-7fff9af1c000 r-xp 00000000 00:00 0                          [vdso]
ffffffffff600000-ffffffffff601000 r-xp 00000000 00:00 0                  [vsyscall]

VM Arguments:
jvm_args: -Dfile.encoding=UTF-8 -Djava.library.path=/home/romanelli/dev/lib/rxtx-2.1-7-bins-r2/Linux/x86_64-unknown-linux-gnu/ 
java_command: controledopuxafrangos.ControleDoPuxaFrangos
java_class_path (initial): /usr/share/java/RXTXcomm.jar:/home/romanelli/dev/lib/rxtx-2.1-7-bins-r2/Linux/x86_64-unknown-linux-gnu:/home/romanelli/NetBeansProjects/ControleDoPuxaFrangos/build/classes
Launcher Type: SUN_STANDARD

Environment Variables:
JAVA_HOME=/usr/lib/jvm/java-8-oracle
PATH=/home/romanelli/.dropbox-bin:/home/romanelli/bin:/home/romanelli/.local/bin:/usr/local/sbin:/usr/local/bin:/usr/sbin:/usr/bin:/sbin:/bin:/usr/games:/usr/local/games:/usr/lib/jvm/java-8-oracle/bin:/usr/lib/jvm/java-8-oracle/db/bin:/usr/lib/jvm/java-8-oracle/jre/bin
LD_LIBRARY_PATH=/usr/lib/jvm/java-8-oracle//jre/lib/amd64:/usr/lib/jvm/java-8-oracle//jre/lib/i386:
SHELL=/bin/bash
DISPLAY=:0

Signal Handlers:
SIGSEGV: [libjvm.so+0xac4790], sa_mask[0]=11111111011111111101111111111110, sa_flags=SA_RESTART|SA_SIGINFO
SIGBUS: [libjvm.so+0xac4790], sa_mask[0]=11111111011111111101111111111110, sa_flags=SA_RESTART|SA_SIGINFO
SIGFPE: [libjvm.so+0x91f140], sa_mask[0]=11111111011111111101111111111110, sa_flags=SA_RESTART|SA_SIGINFO
SIGPIPE: SIG_IGN, sa_mask[0]=00000000000010000000000000000000, sa_flags=SA_RESTART
SIGXFSZ: [libjvm.so+0x91f140], sa_mask[0]=11111111011111111101111111111110, sa_flags=SA_RESTART|SA_SIGINFO
SIGILL: [libjvm.so+0x91f140], sa_mask[0]=11111111011111111101111111111110, sa_flags=SA_RESTART|SA_SIGINFO
SIGUSR1: SIG_DFL, sa_mask[0]=00000000000000000000000000000000, sa_flags=none
SIGUSR2: [libjvm.so+0x920770], sa_mask[0]=00100000000000000000000000000000, sa_flags=SA_RESTART|SA_SIGINFO
SIGHUP: [libjvm.so+0x921b70], sa_mask[0]=11111111011111111101111111111110, sa_flags=SA_RESTART|SA_SIGINFO
SIGINT: SIG_IGN, sa_mask[0]=00000000000000000000000000000000, sa_flags=none
SIGTERM: [libjvm.so+0x921b70], sa_mask[0]=11111111011111111101111111111110, sa_flags=SA_RESTART|SA_SIGINFO
SIGQUIT: [libjvm.so+0x921b70], sa_mask[0]=11111111011111111101111111111110, sa_flags=SA_RESTART|SA_SIGINFO


---------------  S Y S T E M  ---------------

OS:DISTRIB_ID="elementary"
DISTRIB_RELEASE=0.4
DISTRIB_CODENAME=loki
DISTRIB_DESCRIPTION="elementary OS 0.4 Loki"

uname:Linux 4.4.0-38-generic #57-Ubuntu SMP Tue Sep 6 15:42:33 UTC 2016 x86_64
libc:glibc 2.23 NPTL 2.23 
rlimit: STACK 8192k, CORE 0k, NPROC 15120, NOFILE 65536, AS infinity
load average:0,78 0,64 0,48

/proc/meminfo:
MemTotal:        3909428 kB
MemFree:          355556 kB
MemAvailable:    1066036 kB
Buffers:           89732 kB
Cached:           981184 kB
SwapCached:        18628 kB
Active:          2476228 kB
Inactive:         733256 kB
Active(anon):    1855136 kB
Inactive(anon):   538664 kB
Active(file):     621092 kB
Inactive(file):   194592 kB
Unevictable:         264 kB
Mlocked:             264 kB
SwapTotal:       9765884 kB
SwapFree:        9230180 kB
Dirty:               308 kB
Writeback:             0 kB
AnonPages:       2129720 kB
Mapped:           307624 kB
Shmem:            255208 kB
Slab:             232604 kB
SReclaimable:     182828 kB
SUnreclaim:        49776 kB
KernelStack:       11504 kB
PageTables:        46172 kB
NFS_Unstable:          0 kB
Bounce:                0 kB
WritebackTmp:          0 kB
CommitLimit:    11720596 kB
Committed_AS:    8668492 kB
VmallocTotal:   34359738367 kB
VmallocUsed:           0 kB
VmallocChunk:          0 kB
HardwareCorrupted:     0 kB
AnonHugePages:    720896 kB
CmaTotal:              0 kB
CmaFree:               0 kB
HugePages_Total:       0
HugePages_Free:        0
HugePages_Rsvd:        0
HugePages_Surp:        0
Hugepagesize:       2048 kB
DirectMap4k:      378108 kB
DirectMap2M:     3680256 kB


CPU:total 4 (2 cores per cpu, 2 threads per core) family 6 model 42 stepping 7, cmov, cx8, fxsr, mmx, sse, sse2, sse3, ssse3, sse4.1, sse4.2, popcnt, avx, clmul, ht, tsc, tscinvbit

/proc/cpuinfo:
processor	: 0
vendor_id	: GenuineIntel
cpu family	: 6
model		: 42
model name	: Intel(R) Core(TM) i3-2328M CPU @ 2.20GHz
stepping	: 7
microcode	: 0x28
cpu MHz		: 2030.703
cache size	: 3072 KB
physical id	: 0
siblings	: 4
core id		: 0
cpu cores	: 2
apicid		: 0
initial apicid	: 0
fpu		: yes
fpu_exception	: yes
cpuid level	: 13
wp		: yes
flags		: fpu vme de pse tsc msr pae mce cx8 apic sep mtrr pge mca cmov pat pse36 clflush dts acpi mmx fxsr sse sse2 ss ht tm pbe syscall nx rdtscp lm constant_tsc arch_perfmon pebs bts rep_good nopl xtopology nonstop_tsc aperfmperf eagerfpu pni pclmulqdq dtes64 monitor ds_cpl vmx est tm2 ssse3 cx16 xtpr pdcm pcid sse4_1 sse4_2 x2apic popcnt tsc_deadline_timer xsave avx lahf_lm epb tpr_shadow vnmi flexpriority ept vpid xsaveopt dtherm arat pln pts
bugs		:
bogomips	: 4390.16
clflush size	: 64
cache_alignment	: 64
address sizes	: 36 bits physical, 48 bits virtual
power management:

processor	: 1
vendor_id	: GenuineIntel
cpu family	: 6
model		: 42
model name	: Intel(R) Core(TM) i3-2328M CPU @ 2.20GHz
stepping	: 7
microcode	: 0x28
cpu MHz		: 1527.539
cache size	: 3072 KB
physical id	: 0
siblings	: 4
core id		: 0
cpu cores	: 2
apicid		: 1
initial apicid	: 1
fpu		: yes
fpu_exception	: yes
cpuid level	: 13
wp		: yes
flags		: fpu vme de pse tsc msr pae mce cx8 apic sep mtrr pge mca cmov pat pse36 clflush dts acpi mmx fxsr sse sse2 ss ht tm pbe syscall nx rdtscp lm constant_tsc arch_perfmon pebs bts rep_good nopl xtopology nonstop_tsc aperfmperf eagerfpu pni pclmulqdq dtes64 monitor ds_cpl vmx est tm2 ssse3 cx16 xtpr pdcm pcid sse4_1 sse4_2 x2apic popcnt tsc_deadline_timer xsave avx lahf_lm epb tpr_shadow vnmi flexpriority ept vpid xsaveopt dtherm arat pln pts
bugs		:
bogomips	: 4390.16
clflush size	: 64
cache_alignment	: 64
address sizes	: 36 bits physical, 48 bits virtual
power management:

processor	: 2
vendor_id	: GenuineIntel
cpu family	: 6
model		: 42
model name	: Intel(R) Core(TM) i3-2328M CPU @ 2.20GHz
stepping	: 7
microcode	: 0x28
cpu MHz		: 1763.695
cache size	: 3072 KB
physical id	: 0
siblings	: 4
core id		: 1
cpu cores	: 2
apicid		: 2
initial apicid	: 2
fpu		: yes
fpu_exception	: yes
cpuid level	: 13
wp		: yes
flags		: fpu vme de pse tsc msr pae mce cx8 apic sep mtrr pge mca cmov pat pse36 clflush dts acpi mmx fxsr sse sse2 ss ht tm pbe syscall nx rdtscp lm constant_tsc arch_perfmon pebs bts rep_good nopl xtopology nonstop_tsc aperfmperf eagerfpu pni pclmulqdq dtes64 monitor ds_cpl vmx est tm2 ssse3 cx16 xtpr pdcm pcid sse4_1 sse4_2 x2apic popcnt tsc_deadline_timer xsave avx lahf_lm epb tpr_shadow vnmi flexpriority ept vpid xsaveopt dtherm arat pln pts
bugs		:
bogomips	: 4390.16
clflush size	: 64
cache_alignment	: 64
address sizes	: 36 bits physical, 48 bits virtual
power management:

processor	: 3
vendor_id	: GenuineIntel
cpu family	: 6
model		: 42
model name	: Intel(R) Core(TM) i3-2328M CPU @ 2.20GHz
stepping	: 7
microcode	: 0x28
cpu MHz		: 1996.500
cache size	: 3072 KB
physical id	: 0
siblings	: 4
core id		: 1
cpu cores	: 2
apicid		: 3
initial apicid	: 3
fpu		: yes
fpu_exception	: yes
cpuid level	: 13
wp		: yes
flags		: fpu vme de pse tsc msr pae mce cx8 apic sep mtrr pge mca cmov pat pse36 clflush dts acpi mmx fxsr sse sse2 ss ht tm pbe syscall nx rdtscp lm constant_tsc arch_perfmon pebs bts rep_good nopl xtopology nonstop_tsc aperfmperf eagerfpu pni pclmulqdq dtes64 monitor ds_cpl vmx est tm2 ssse3 cx16 xtpr pdcm pcid sse4_1 sse4_2 x2apic popcnt tsc_deadline_timer xsave avx lahf_lm epb tpr_shadow vnmi flexpriority ept vpid xsaveopt dtherm arat pln pts
bugs		:
bogomips	: 4390.16
clflush size	: 64
cache_alignment	: 64
address sizes	: 36 bits physical, 48 bits virtual
power management:



Memory: 4k page, physical 3909428k(355556k free), swap 9765884k(9230180k free)

vm_info: Java HotSpot(TM) 64-Bit Server VM (25.101-b13) for linux-amd64 JRE (1.8.0_101-b13), built on Jun 22 2016 02:59:44 by "java_re" with gcc 4.3.0 20080428 (Red Hat 4.3.0-8)

time: Wed Sep 28 16:17:52 2016
elapsed time: 10 seconds (0d 0h 0m 10s)

